{"/home/godblaise/Desktop/fullstack/wallet-service-lendsqr/src/app.ts": {"path":"/home/godblaise/Desktop/fullstack/wallet-service-lendsqr/src/app.ts","statementMap":{"0":{"start":{"line":1,"column":0},"end":{"line":1,"column":28}},"1":{"start":{"line":2,"column":0},"end":{"line":2,"column":16}},"2":{"start":{"line":4,"column":0},"end":{"line":4,"column":66}},"3":{"start":{"line":5,"column":0},"end":{"line":5,"column":30}},"4":{"start":{"line":6,"column":0},"end":{"line":6,"column":45}},"5":{"start":{"line":10,"column":25},"end":{"line":10,"column":34}},"6":{"start":{"line":13,"column":0},"end":{"line":13,"column":24}},"7":{"start":{"line":14,"column":0},"end":{"line":14,"column":48}},"8":{"start":{"line":17,"column":0},"end":{"line":23,"column":3}},"9":{"start":{"line":18,"column":2},"end":{"line":22,"column":5}},"10":{"start":{"line":26,"column":0},"end":{"line":26,"column":27}},"11":{"start":{"line":29,"column":0},"end":{"line":34,"column":3}},"12":{"start":{"line":30,"column":2},"end":{"line":33,"column":5}},"13":{"start":{"line":37,"column":0},"end":{"line":37,"column":22}},"14":{"start":{"line":39,"column":0},"end":{"line":39,"column":19}}},"fnMap":{"0":{"name":"(anonymous_1)","decl":{"start":{"line":17,"column":19},"end":{"line":17,"column":20}},"loc":{"start":{"line":17,"column":51},"end":{"line":23,"column":1}}},"1":{"name":"(anonymous_2)","decl":{"start":{"line":29,"column":8},"end":{"line":29,"column":9}},"loc":{"start":{"line":29,"column":40},"end":{"line":34,"column":1}}}},"branchMap":{},"s":{"0":2,"1":2,"2":2,"3":2,"4":2,"5":2,"6":2,"7":2,"8":2,"9":0,"10":2,"11":2,"12":0,"13":2,"14":2},"f":{"0":0,"1":0},"b":{}}
,"/home/godblaise/Desktop/fullstack/wallet-service-lendsqr/src/config/database.ts": {"path":"/home/godblaise/Desktop/fullstack/wallet-service-lendsqr/src/config/database.ts","statementMap":{"0":{"start":{"line":1,"column":0},"end":{"line":1,"column":24}},"1":{"start":{"line":2,"column":0},"end":{"line":2,"column":36}},"2":{"start":{"line":4,"column":20},"end":{"line":4,"column":57}},"3":{"start":{"line":5,"column":11},"end":{"line":5,"column":36}},"4":{"start":{"line":7,"column":0},"end":{"line":7,"column":18}}},"fnMap":{},"branchMap":{"0":{"loc":{"start":{"line":4,"column":20},"end":{"line":4,"column":57}},"type":"binary-expr","locations":[{"start":{"line":4,"column":20},"end":{"line":4,"column":40}},{"start":{"line":4,"column":44},"end":{"line":4,"column":57}}]}},"s":{"0":6,"1":6,"2":6,"3":6,"4":6},"f":{},"b":{"0":[6,0]}}
,"/home/godblaise/Desktop/fullstack/wallet-service-lendsqr/src/controllers/user.controller.ts": {"path":"/home/godblaise/Desktop/fullstack/wallet-service-lendsqr/src/controllers/user.controller.ts","statementMap":{"0":{"start":{"line":2,"column":0},"end":{"line":2,"column":51}},"1":{"start":{"line":3,"column":0},"end":{"line":3,"column":64}},"2":{"start":{"line":6,"column":2},"end":{"line":16,"column":5}},"3":{"start":{"line":7,"column":67},"end":{"line":7,"column":75}},"4":{"start":{"line":9,"column":4},"end":{"line":12,"column":5}},"5":{"start":{"line":10,"column":6},"end":{"line":10,"column":53}},"6":{"start":{"line":11,"column":6},"end":{"line":11,"column":13}},"7":{"start":{"line":14,"column":19},"end":{"line":14,"column":101}},"8":{"start":{"line":15,"column":4},"end":{"line":15,"column":66}},"9":{"start":{"line":18,"column":2},"end":{"line":28,"column":5}},"10":{"start":{"line":19,"column":32},"end":{"line":19,"column":40}},"11":{"start":{"line":21,"column":4},"end":{"line":24,"column":5}},"12":{"start":{"line":22,"column":6},"end":{"line":22,"column":61}},"13":{"start":{"line":23,"column":6},"end":{"line":23,"column":13}},"14":{"start":{"line":26,"column":19},"end":{"line":26,"column":63}},"15":{"start":{"line":27,"column":4},"end":{"line":27,"column":49}},"16":{"start":{"line":31,"column":0},"end":{"line":31,"column":36}}},"fnMap":{"0":{"name":"(anonymous_1)","decl":{"start":{"line":5,"column":0},"end":{"line":5,"column":6}},"loc":{"start":{"line":5,"column":0},"end":{"line":29,"column":1}}},"1":{"name":"(anonymous_2)","decl":{"start":{"line":6,"column":26},"end":{"line":6,"column":31}},"loc":{"start":{"line":6,"column":64},"end":{"line":16,"column":3}}},"2":{"name":"(anonymous_3)","decl":{"start":{"line":18,"column":23},"end":{"line":18,"column":28}},"loc":{"start":{"line":18,"column":61},"end":{"line":28,"column":3}}}},"branchMap":{"0":{"loc":{"start":{"line":9,"column":4},"end":{"line":12,"column":5}},"type":"if","locations":[{"start":{"line":9,"column":4},"end":{"line":12,"column":5}},{"start":{},"end":{}}]},"1":{"loc":{"start":{"line":9,"column":8},"end":{"line":9,"column":74}},"type":"binary-expr","locations":[{"start":{"line":9,"column":8},"end":{"line":9,"column":19}},{"start":{"line":9,"column":23},"end":{"line":9,"column":33}},{"start":{"line":9,"column":37},"end":{"line":9,"column":43}},{"start":{"line":9,"column":47},"end":{"line":9,"column":51}},{"start":{"line":9,"column":55},"end":{"line":9,"column":61}},{"start":{"line":9,"column":65},"end":{"line":9,"column":74}}]},"2":{"loc":{"start":{"line":21,"column":4},"end":{"line":24,"column":5}},"type":"if","locations":[{"start":{"line":21,"column":4},"end":{"line":24,"column":5}},{"start":{},"end":{}}]},"3":{"loc":{"start":{"line":21,"column":8},"end":{"line":21,"column":27}},"type":"binary-expr","locations":[{"start":{"line":21,"column":8},"end":{"line":21,"column":14}},{"start":{"line":21,"column":18},"end":{"line":21,"column":27}}]}},"s":{"0":2,"1":2,"2":2,"3":4,"4":4,"5":1,"6":1,"7":3,"8":1,"9":2,"10":3,"11":3,"12":1,"13":1,"14":2,"15":1,"16":2},"f":{"0":2,"1":4,"2":3},"b":{"0":[1,3],"1":[4,3,3,3,3,3],"2":[1,2],"3":[3,3]}}
,"/home/godblaise/Desktop/fullstack/wallet-service-lendsqr/src/controllers/wallet.controller.ts": {"path":"/home/godblaise/Desktop/fullstack/wallet-service-lendsqr/src/controllers/wallet.controller.ts","statementMap":{"0":{"start":{"line":2,"column":0},"end":{"line":2,"column":55}},"1":{"start":{"line":3,"column":0},"end":{"line":3,"column":64}},"2":{"start":{"line":6,"column":2},"end":{"line":17,"column":5}},"3":{"start":{"line":7,"column":19},"end":{"line":7,"column":31}},"4":{"start":{"line":8,"column":23},"end":{"line":8,"column":31}},"5":{"start":{"line":10,"column":4},"end":{"line":13,"column":5}},"6":{"start":{"line":11,"column":6},"end":{"line":11,"column":48}},"7":{"start":{"line":12,"column":6},"end":{"line":12,"column":13}},"8":{"start":{"line":15,"column":19},"end":{"line":15,"column":73}},"9":{"start":{"line":16,"column":4},"end":{"line":16,"column":59}},"10":{"start":{"line":19,"column":2},"end":{"line":30,"column":5}},"11":{"start":{"line":20,"column":21},"end":{"line":20,"column":33}},"12":{"start":{"line":21,"column":39},"end":{"line":21,"column":47}},"13":{"start":{"line":23,"column":4},"end":{"line":26,"column":5}},"14":{"start":{"line":24,"column":6},"end":{"line":24,"column":68}},"15":{"start":{"line":25,"column":6},"end":{"line":25,"column":13}},"16":{"start":{"line":28,"column":19},"end":{"line":28,"column":94}},"17":{"start":{"line":29,"column":4},"end":{"line":29,"column":52}},"18":{"start":{"line":32,"column":2},"end":{"line":43,"column":5}},"19":{"start":{"line":33,"column":19},"end":{"line":33,"column":31}},"20":{"start":{"line":34,"column":23},"end":{"line":34,"column":31}},"21":{"start":{"line":36,"column":4},"end":{"line":39,"column":5}},"22":{"start":{"line":37,"column":6},"end":{"line":37,"column":48}},"23":{"start":{"line":38,"column":6},"end":{"line":38,"column":13}},"24":{"start":{"line":41,"column":19},"end":{"line":41,"column":76}},"25":{"start":{"line":42,"column":4},"end":{"line":42,"column":54}},"26":{"start":{"line":45,"column":2},"end":{"line":49,"column":5}},"27":{"start":{"line":46,"column":19},"end":{"line":46,"column":31}},"28":{"start":{"line":47,"column":19},"end":{"line":47,"column":63}},"29":{"start":{"line":48,"column":4},"end":{"line":48,"column":57}},"30":{"start":{"line":51,"column":2},"end":{"line":55,"column":5}},"31":{"start":{"line":52,"column":19},"end":{"line":52,"column":31}},"32":{"start":{"line":53,"column":19},"end":{"line":53,"column":68}},"33":{"start":{"line":54,"column":4},"end":{"line":54,"column":62}},"34":{"start":{"line":58,"column":0},"end":{"line":58,"column":38}}},"fnMap":{"0":{"name":"(anonymous_1)","decl":{"start":{"line":5,"column":0},"end":{"line":5,"column":6}},"loc":{"start":{"line":5,"column":0},"end":{"line":56,"column":1}}},"1":{"name":"(anonymous_2)","decl":{"start":{"line":6,"column":28},"end":{"line":6,"column":33}},"loc":{"start":{"line":6,"column":66},"end":{"line":17,"column":3}}},"2":{"name":"(anonymous_3)","decl":{"start":{"line":19,"column":26},"end":{"line":19,"column":31}},"loc":{"start":{"line":19,"column":64},"end":{"line":30,"column":3}}},"3":{"name":"(anonymous_4)","decl":{"start":{"line":32,"column":26},"end":{"line":32,"column":31}},"loc":{"start":{"line":32,"column":64},"end":{"line":43,"column":3}}},"4":{"name":"(anonymous_5)","decl":{"start":{"line":45,"column":28},"end":{"line":45,"column":33}},"loc":{"start":{"line":45,"column":66},"end":{"line":49,"column":3}}},"5":{"name":"(anonymous_6)","decl":{"start":{"line":51,"column":33},"end":{"line":51,"column":38}},"loc":{"start":{"line":51,"column":71},"end":{"line":55,"column":3}}}},"branchMap":{"0":{"loc":{"start":{"line":10,"column":4},"end":{"line":13,"column":5}},"type":"if","locations":[{"start":{"line":10,"column":4},"end":{"line":13,"column":5}},{"start":{},"end":{}}]},"1":{"loc":{"start":{"line":23,"column":4},"end":{"line":26,"column":5}},"type":"if","locations":[{"start":{"line":23,"column":4},"end":{"line":26,"column":5}},{"start":{},"end":{}}]},"2":{"loc":{"start":{"line":23,"column":8},"end":{"line":23,"column":34}},"type":"binary-expr","locations":[{"start":{"line":23,"column":8},"end":{"line":23,"column":23}},{"start":{"line":23,"column":27},"end":{"line":23,"column":34}}]},"3":{"loc":{"start":{"line":36,"column":4},"end":{"line":39,"column":5}},"type":"if","locations":[{"start":{"line":36,"column":4},"end":{"line":39,"column":5}},{"start":{},"end":{}}]}},"s":{"0":2,"1":2,"2":2,"3":2,"4":2,"5":2,"6":1,"7":1,"8":1,"9":1,"10":2,"11":3,"12":3,"13":3,"14":1,"15":1,"16":2,"17":1,"18":2,"19":3,"20":3,"21":3,"22":1,"23":1,"24":2,"25":1,"26":2,"27":1,"28":1,"29":1,"30":2,"31":1,"32":1,"33":1,"34":2},"f":{"0":2,"1":2,"2":3,"3":3,"4":1,"5":1},"b":{"0":[1,1],"1":[1,2],"2":[3,2],"3":[1,2]}}
,"/home/godblaise/Desktop/fullstack/wallet-service-lendsqr/src/middlewares/auth.ts": {"path":"/home/godblaise/Desktop/fullstack/wallet-service-lendsqr/src/middlewares/auth.ts","statementMap":{"0":{"start":{"line":2,"column":0},"end":{"line":2,"column":50}},"1":{"start":{"line":5,"column":28},"end":{"line":21,"column":1}},"2":{"start":{"line":6,"column":2},"end":{"line":20,"column":3}},"3":{"start":{"line":7,"column":23},"end":{"line":7,"column":48}},"4":{"start":{"line":9,"column":4},"end":{"line":12,"column":5}},"5":{"start":{"line":10,"column":6},"end":{"line":10,"column":47}},"6":{"start":{"line":11,"column":6},"end":{"line":11,"column":13}},"7":{"start":{"line":14,"column":18},"end":{"line":14,"column":42}},"8":{"start":{"line":15,"column":20},"end":{"line":15,"column":38}},"9":{"start":{"line":16,"column":4},"end":{"line":16,"column":23}},"10":{"start":{"line":17,"column":4},"end":{"line":17,"column":11}},"11":{"start":{"line":19,"column":4},"end":{"line":19,"column":52}},"12":{"start":{"line":5,"column":13},"end":{"line":5,"column":28}}},"fnMap":{"0":{"name":"(anonymous_0)","decl":{"start":{"line":5,"column":28},"end":{"line":5,"column":29}},"loc":{"start":{"line":5,"column":86},"end":{"line":21,"column":1}}}},"branchMap":{"0":{"loc":{"start":{"line":9,"column":4},"end":{"line":12,"column":5}},"type":"if","locations":[{"start":{"line":9,"column":4},"end":{"line":12,"column":5}},{"start":{},"end":{}}]},"1":{"loc":{"start":{"line":9,"column":8},"end":{"line":9,"column":56}},"type":"binary-expr","locations":[{"start":{"line":9,"column":8},"end":{"line":9,"column":19}},{"start":{"line":9,"column":23},"end":{"line":9,"column":56}}]}},"s":{"0":2,"1":2,"2":12,"3":12,"4":12,"5":2,"6":2,"7":10,"8":10,"9":10,"10":10,"11":0,"12":2},"f":{"0":12},"b":{"0":[2,10],"1":[12,10]}}
,"/home/godblaise/Desktop/fullstack/wallet-service-lendsqr/src/middlewares/errorHandler.ts": {"path":"/home/godblaise/Desktop/fullstack/wallet-service-lendsqr/src/middlewares/errorHandler.ts","statementMap":{"0":{"start":{"line":2,"column":0},"end":{"line":2,"column":37}},"1":{"start":{"line":4,"column":28},"end":{"line":7,"column":1}},"2":{"start":{"line":5,"column":2},"end":{"line":5,"column":27}},"3":{"start":{"line":6,"column":2},"end":{"line":6,"column":62}},"4":{"start":{"line":4,"column":13},"end":{"line":4,"column":28}}},"fnMap":{"0":{"name":"(anonymous_0)","decl":{"start":{"line":4,"column":28},"end":{"line":4,"column":29}},"loc":{"start":{"line":4,"column":98},"end":{"line":7,"column":1}}}},"branchMap":{"0":{"loc":{"start":{"line":6,"column":17},"end":{"line":6,"column":55}},"type":"binary-expr","locations":[{"start":{"line":6,"column":17},"end":{"line":6,"column":28}},{"start":{"line":6,"column":32},"end":{"line":6,"column":55}}]}},"s":{"0":2,"1":2,"2":0,"3":0,"4":2},"f":{"0":0},"b":{"0":[0,0]}}
,"/home/godblaise/Desktop/fullstack/wallet-service-lendsqr/src/middlewares/index.ts": {"path":"/home/godblaise/Desktop/fullstack/wallet-service-lendsqr/src/middlewares/index.ts","statementMap":{"0":{"start":{"line":1,"column":0},"end":{"line":1,"column":23}},"1":{"start":{"line":2,"column":0},"end":{"line":2,"column":31}}},"fnMap":{},"branchMap":{},"s":{"0":2,"1":2},"f":{},"b":{}}
,"/home/godblaise/Desktop/fullstack/wallet-service-lendsqr/src/routes/index.ts": {"path":"/home/godblaise/Desktop/fullstack/wallet-service-lendsqr/src/routes/index.ts","statementMap":{"0":{"start":{"line":1,"column":0},"end":{"line":1,"column":33}},"1":{"start":{"line":2,"column":0},"end":{"line":2,"column":39}},"2":{"start":{"line":3,"column":0},"end":{"line":3,"column":43}},"3":{"start":{"line":5,"column":23},"end":{"line":5,"column":31}},"4":{"start":{"line":7,"column":0},"end":{"line":7,"column":32}},"5":{"start":{"line":8,"column":0},"end":{"line":8,"column":36}},"6":{"start":{"line":10,"column":0},"end":{"line":10,"column":22}}},"fnMap":{},"branchMap":{},"s":{"0":2,"1":2,"2":2,"3":2,"4":2,"5":2,"6":2},"f":{},"b":{}}
,"/home/godblaise/Desktop/fullstack/wallet-service-lendsqr/src/routes/user.routes.ts": {"path":"/home/godblaise/Desktop/fullstack/wallet-service-lendsqr/src/routes/user.routes.ts","statementMap":{"0":{"start":{"line":1,"column":0},"end":{"line":1,"column":33}},"1":{"start":{"line":2,"column":0},"end":{"line":2,"column":60}},"2":{"start":{"line":4,"column":23},"end":{"line":4,"column":31}},"3":{"start":{"line":6,"column":0},"end":{"line":6,"column":50}},"4":{"start":{"line":7,"column":0},"end":{"line":7,"column":44}},"5":{"start":{"line":9,"column":0},"end":{"line":9,"column":22}}},"fnMap":{},"branchMap":{},"s":{"0":2,"1":2,"2":2,"3":2,"4":2,"5":2},"f":{},"b":{}}
,"/home/godblaise/Desktop/fullstack/wallet-service-lendsqr/src/routes/wallet.routes.ts": {"path":"/home/godblaise/Desktop/fullstack/wallet-service-lendsqr/src/routes/wallet.routes.ts","statementMap":{"0":{"start":{"line":1,"column":0},"end":{"line":1,"column":33}},"1":{"start":{"line":2,"column":0},"end":{"line":2,"column":64}},"2":{"start":{"line":3,"column":0},"end":{"line":3,"column":46}},"3":{"start":{"line":5,"column":23},"end":{"line":5,"column":31}},"4":{"start":{"line":7,"column":0},"end":{"line":7,"column":25}},"5":{"start":{"line":9,"column":0},"end":{"line":9,"column":52}},"6":{"start":{"line":10,"column":0},"end":{"line":10,"column":50}},"7":{"start":{"line":11,"column":0},"end":{"line":11,"column":52}},"8":{"start":{"line":12,"column":0},"end":{"line":12,"column":52}},"9":{"start":{"line":13,"column":0},"end":{"line":13,"column":62}},"10":{"start":{"line":15,"column":0},"end":{"line":15,"column":22}}},"fnMap":{},"branchMap":{},"s":{"0":2,"1":2,"2":2,"3":2,"4":2,"5":2,"6":2,"7":2,"8":2,"9":2,"10":2},"f":{},"b":{}}
,"/home/godblaise/Desktop/fullstack/wallet-service-lendsqr/src/services/adjutor.service.ts": {"path":"/home/godblaise/Desktop/fullstack/wallet-service-lendsqr/src/services/adjutor.service.ts","statementMap":{"0":{"start":{"line":1,"column":0},"end":{"line":1,"column":26}},"1":{"start":{"line":4,"column":10},"end":{"line":4,"column":49}},"2":{"start":{"line":5,"column":10},"end":{"line":5,"column":47}},"3":{"start":{"line":8,"column":4},"end":{"line":10,"column":6}},"4":{"start":{"line":15,"column":4},"end":{"line":27,"column":5}},"5":{"start":{"line":16,"column":23},"end":{"line":18,"column":null}},"6":{"start":{"line":20,"column":6},"end":{"line":20,"column":57}},"7":{"start":{"line":20,"column":44},"end":{"line":20,"column":57}},"8":{"start":{"line":21,"column":6},"end":{"line":21,"column":79}},"9":{"start":{"line":23,"column":6},"end":{"line":23,"column":55}},"10":{"start":{"line":23,"column":42},"end":{"line":23,"column":55}},"11":{"start":{"line":24,"column":6},"end":{"line":26,"column":8}},"12":{"start":{"line":31,"column":0},"end":{"line":31,"column":36}}},"fnMap":{"0":{"name":"(anonymous_1)","decl":{"start":{"line":3,"column":0},"end":{"line":3,"column":6}},"loc":{"start":{"line":3,"column":0},"end":{"line":29,"column":1}}},"1":{"name":"(anonymous_2)","decl":{"start":{"line":7,"column":2},"end":{"line":7,"column":14}},"loc":{"start":{"line":7,"column":21},"end":{"line":11,"column":3}}},"2":{"name":"(anonymous_3)","decl":{"start":{"line":13,"column":2},"end":{"line":13,"column":7}},"loc":{"start":{"line":13,"column":39},"end":{"line":28,"column":3}}}},"branchMap":{"0":{"loc":{"start":{"line":20,"column":6},"end":{"line":20,"column":57}},"type":"if","locations":[{"start":{"line":20,"column":6},"end":{"line":20,"column":57}},{"start":{},"end":{}}]},"1":{"loc":{"start":{"line":21,"column":13},"end":{"line":21,"column":78}},"type":"binary-expr","locations":[{"start":{"line":21,"column":13},"end":{"line":21,"column":41}},{"start":{"line":21,"column":45},"end":{"line":21,"column":78}}]},"2":{"loc":{"start":{"line":23,"column":6},"end":{"line":23,"column":55}},"type":"if","locations":[{"start":{"line":23,"column":6},"end":{"line":23,"column":55}},{"start":{},"end":{}}]}},"s":{"0":4,"1":4,"2":4,"3":4,"4":4,"5":4,"6":2,"7":1,"8":1,"9":2,"10":1,"11":1,"12":4},"f":{"0":4,"1":4,"2":4},"b":{"0":[1,1],"1":[1,1],"2":[1,1]}}
,"/home/godblaise/Desktop/fullstack/wallet-service-lendsqr/src/services/user.service.ts": {"path":"/home/godblaise/Desktop/fullstack/wallet-service-lendsqr/src/services/user.service.ts","statementMap":{"0":{"start":{"line":1,"column":0},"end":{"line":1,"column":36}},"1":{"start":{"line":2,"column":0},"end":{"line":2,"column":30}},"2":{"start":{"line":3,"column":0},"end":{"line":3,"column":50}},"3":{"start":{"line":4,"column":0},"end":{"line":4,"column":47}},"4":{"start":{"line":11,"column":4},"end":{"line":11,"column":60}},"5":{"start":{"line":15,"column":78},"end":{"line":15,"column":82}},"6":{"start":{"line":16,"column":4},"end":{"line":16,"column":20}},"7":{"start":{"line":27,"column":19},"end":{"line":27,"column":57}},"8":{"start":{"line":28,"column":2},"end":{"line":28,"column":56}},"9":{"start":{"line":28,"column":16},"end":{"line":28,"column":56}},"10":{"start":{"line":30,"column":24},"end":{"line":30,"column":74}},"11":{"start":{"line":31,"column":2},"end":{"line":31,"column":128}},"12":{"start":{"line":31,"column":21},"end":{"line":31,"column":128}},"13":{"start":{"line":33,"column":24},"end":{"line":33,"column":60}},"14":{"start":{"line":34,"column":24},"end":{"line":34,"column":41}},"15":{"start":{"line":36,"column":17},"end":{"line":60,"column":4}},"16":{"start":{"line":37,"column":21},"end":{"line":46,"column":6}},"17":{"start":{"line":48,"column":4},"end":{"line":52,"column":7}},"18":{"start":{"line":54,"column":17},"end":{"line":54,"column":77}},"19":{"start":{"line":56,"column":4},"end":{"line":56,"column":59}},"20":{"start":{"line":56,"column":15},"end":{"line":56,"column":59}},"21":{"start":{"line":58,"column":18},"end":{"line":58,"column":67}},"22":{"start":{"line":59,"column":4},"end":{"line":59,"column":52}},"23":{"start":{"line":62,"column":2},"end":{"line":62,"column":16}},"24":{"start":{"line":69,"column":17},"end":{"line":69,"column":55}},"25":{"start":{"line":70,"column":4},"end":{"line":70,"column":54}},"26":{"start":{"line":70,"column":15},"end":{"line":70,"column":54}},"27":{"start":{"line":72,"column":4},"end":{"line":73,"column":48}},"28":{"start":{"line":73,"column":6},"end":{"line":73,"column":48}},"29":{"start":{"line":74,"column":4},"end":{"line":74,"column":77}},"30":{"start":{"line":74,"column":37},"end":{"line":74,"column":77}},"31":{"start":{"line":76,"column":20},"end":{"line":76,"column":75}},"32":{"start":{"line":77,"column":4},"end":{"line":77,"column":57}},"33":{"start":{"line":77,"column":18},"end":{"line":77,"column":57}},"34":{"start":{"line":79,"column":18},"end":{"line":79,"column":67}},"35":{"start":{"line":80,"column":4},"end":{"line":80,"column":52}},"36":{"start":{"line":84,"column":0},"end":{"line":84,"column":33}}},"fnMap":{"0":{"name":"(anonymous_1)","decl":{"start":{"line":8,"column":10},"end":{"line":8,"column":15}},"loc":{"start":{"line":9,"column":17},"end":{"line":12,"column":3}}},"1":{"name":"(anonymous_2)","decl":{"start":{"line":14,"column":10},"end":{"line":14,"column":22}},"loc":{"start":{"line":14,"column":39},"end":{"line":17,"column":3}}},"2":{"name":"(anonymous_3)","decl":{"start":{"line":19,"column":2},"end":{"line":19,"column":7}},"loc":{"start":{"line":26,"column":1},"end":{"line":63,"column":1}}},"3":{"name":"(anonymous_4)","decl":{"start":{"line":36,"column":38},"end":{"line":36,"column":43}},"loc":{"start":{"line":36,"column":52},"end":{"line":60,"column":3}}},"4":{"name":"(anonymous_5)","decl":{"start":{"line":65,"column":2},"end":{"line":65,"column":7}},"loc":{"start":{"line":68,"column":3},"end":{"line":81,"column":3}}}},"branchMap":{"0":{"loc":{"start":{"line":28,"column":2},"end":{"line":28,"column":56}},"type":"if","locations":[{"start":{"line":28,"column":2},"end":{"line":28,"column":56}},{"start":{},"end":{}}]},"1":{"loc":{"start":{"line":31,"column":2},"end":{"line":31,"column":128}},"type":"if","locations":[{"start":{"line":31,"column":2},"end":{"line":31,"column":128}},{"start":{},"end":{}}]},"2":{"loc":{"start":{"line":56,"column":4},"end":{"line":56,"column":59}},"type":"if","locations":[{"start":{"line":56,"column":4},"end":{"line":56,"column":59}},{"start":{},"end":{}}]},"3":{"loc":{"start":{"line":70,"column":4},"end":{"line":70,"column":54}},"type":"if","locations":[{"start":{"line":70,"column":4},"end":{"line":70,"column":54}},{"start":{},"end":{}}]},"4":{"loc":{"start":{"line":72,"column":4},"end":{"line":73,"column":48}},"type":"if","locations":[{"start":{"line":72,"column":4},"end":{"line":73,"column":48}},{"start":{},"end":{}}]},"5":{"loc":{"start":{"line":74,"column":4},"end":{"line":74,"column":77}},"type":"if","locations":[{"start":{"line":74,"column":4},"end":{"line":74,"column":77}},{"start":{},"end":{}}]},"6":{"loc":{"start":{"line":77,"column":4},"end":{"line":77,"column":57}},"type":"if","locations":[{"start":{"line":77,"column":4},"end":{"line":77,"column":57}},{"start":{},"end":{}}]}},"s":{"0":3,"1":3,"2":3,"3":3,"4":8,"5":2,"6":2,"7":3,"8":3,"9":1,"10":2,"11":2,"12":1,"13":1,"14":1,"15":1,"16":1,"17":1,"18":1,"19":1,"20":0,"21":1,"22":1,"23":1,"24":5,"25":5,"26":1,"27":4,"28":1,"29":3,"30":1,"31":2,"32":2,"33":1,"34":1,"35":1,"36":3},"f":{"0":8,"1":2,"2":3,"3":1,"4":5},"b":{"0":[1,2],"1":[1,1],"2":[0,1],"3":[1,4],"4":[1,3],"5":[1,2],"6":[1,1]}}
,"/home/godblaise/Desktop/fullstack/wallet-service-lendsqr/src/services/wallet.service.ts": {"path":"/home/godblaise/Desktop/fullstack/wallet-service-lendsqr/src/services/wallet.service.ts","statementMap":{"0":{"start":{"line":3,"column":0},"end":{"line":3,"column":45}},"1":{"start":{"line":4,"column":0},"end":{"line":4,"column":36}},"2":{"start":{"line":8,"column":19},"end":{"line":8,"column":73}},"3":{"start":{"line":9,"column":4},"end":{"line":9,"column":53}},"4":{"start":{"line":9,"column":17},"end":{"line":9,"column":53}},"5":{"start":{"line":10,"column":4},"end":{"line":10,"column":18}},"6":{"start":{"line":14,"column":4},"end":{"line":14,"column":73}},"7":{"start":{"line":14,"column":21},"end":{"line":14,"column":73}},"8":{"start":{"line":27,"column":22},"end":{"line":27,"column":41}},"9":{"start":{"line":28,"column":4},"end":{"line":28,"column":80}},"10":{"start":{"line":29,"column":4},"end":{"line":29,"column":21}},"11":{"start":{"line":33,"column":4},"end":{"line":33,"column":32}},"12":{"start":{"line":34,"column":19},"end":{"line":34,"column":56}},"13":{"start":{"line":36,"column":4},"end":{"line":53,"column":7}},"14":{"start":{"line":37,"column":6},"end":{"line":39,"column":38}},"15":{"start":{"line":41,"column":24},"end":{"line":47,"column":8}},"16":{"start":{"line":49,"column":28},"end":{"line":51,"column":16}},"17":{"start":{"line":52,"column":6},"end":{"line":52,"column":50}},"18":{"start":{"line":61,"column":4},"end":{"line":61,"column":32}},"19":{"start":{"line":63,"column":21},"end":{"line":65,"column":14}},"20":{"start":{"line":66,"column":4},"end":{"line":66,"column":57}},"21":{"start":{"line":66,"column":19},"end":{"line":66,"column":57}},"22":{"start":{"line":67,"column":4},"end":{"line":68,"column":53}},"23":{"start":{"line":68,"column":6},"end":{"line":68,"column":53}},"24":{"start":{"line":70,"column":27},"end":{"line":72,"column":14}},"25":{"start":{"line":73,"column":4},"end":{"line":73,"column":70}},"26":{"start":{"line":73,"column":25},"end":{"line":73,"column":70}},"27":{"start":{"line":75,"column":4},"end":{"line":100,"column":7}},"28":{"start":{"line":76,"column":27},"end":{"line":79,"column":16}},"29":{"start":{"line":81,"column":6},"end":{"line":81,"column":61}},"30":{"start":{"line":81,"column":25},"end":{"line":81,"column":61}},"31":{"start":{"line":82,"column":6},"end":{"line":82,"column":79}},"32":{"start":{"line":82,"column":41},"end":{"line":82,"column":79}},"33":{"start":{"line":84,"column":6},"end":{"line":86,"column":38}},"34":{"start":{"line":87,"column":6},"end":{"line":89,"column":38}},"35":{"start":{"line":91,"column":24},"end":{"line":97,"column":8}},"36":{"start":{"line":99,"column":6},"end":{"line":99,"column":60}},"37":{"start":{"line":104,"column":4},"end":{"line":104,"column":32}},"38":{"start":{"line":106,"column":4},"end":{"line":131,"column":7}},"39":{"start":{"line":107,"column":21},"end":{"line":110,"column":16}},"40":{"start":{"line":112,"column":6},"end":{"line":112,"column":55}},"41":{"start":{"line":112,"column":19},"end":{"line":112,"column":55}},"42":{"start":{"line":113,"column":6},"end":{"line":113,"column":73}},"43":{"start":{"line":113,"column":35},"end":{"line":113,"column":73}},"44":{"start":{"line":115,"column":6},"end":{"line":117,"column":38}},"45":{"start":{"line":119,"column":24},"end":{"line":125,"column":8}},"46":{"start":{"line":127,"column":28},"end":{"line":129,"column":16}},"47":{"start":{"line":130,"column":6},"end":{"line":130,"column":50}},"48":{"start":{"line":135,"column":4},"end":{"line":135,"column":43}},"49":{"start":{"line":139,"column":19},"end":{"line":139,"column":56}},"50":{"start":{"line":141,"column":4},"end":{"line":144,"column":37}},"51":{"start":{"line":148,"column":0},"end":{"line":148,"column":35}}},"fnMap":{"0":{"name":"(anonymous_1)","decl":{"start":{"line":7,"column":10},"end":{"line":7,"column":15}},"loc":{"start":{"line":7,"column":49},"end":{"line":11,"column":3}}},"1":{"name":"(anonymous_2)","decl":{"start":{"line":13,"column":10},"end":{"line":13,"column":24}},"loc":{"start":{"line":13,"column":39},"end":{"line":15,"column":3}}},"2":{"name":"(anonymous_3)","decl":{"start":{"line":17,"column":10},"end":{"line":17,"column":15}},"loc":{"start":{"line":25,"column":5},"end":{"line":30,"column":3}}},"3":{"name":"(anonymous_4)","decl":{"start":{"line":32,"column":2},"end":{"line":32,"column":7}},"loc":{"start":{"line":32,"column":49},"end":{"line":54,"column":3}}},"4":{"name":"(anonymous_5)","decl":{"start":{"line":36,"column":26},"end":{"line":36,"column":31}},"loc":{"start":{"line":36,"column":40},"end":{"line":53,"column":5}}},"5":{"name":"(anonymous_6)","decl":{"start":{"line":56,"column":2},"end":{"line":56,"column":7}},"loc":{"start":{"line":59,"column":18},"end":{"line":101,"column":3}}},"6":{"name":"(anonymous_7)","decl":{"start":{"line":75,"column":26},"end":{"line":75,"column":31}},"loc":{"start":{"line":75,"column":40},"end":{"line":100,"column":5}}},"7":{"name":"(anonymous_8)","decl":{"start":{"line":103,"column":2},"end":{"line":103,"column":7}},"loc":{"start":{"line":103,"column":52},"end":{"line":132,"column":3}}},"8":{"name":"(anonymous_9)","decl":{"start":{"line":106,"column":26},"end":{"line":106,"column":31}},"loc":{"start":{"line":106,"column":40},"end":{"line":131,"column":5}}},"9":{"name":"(anonymous_10)","decl":{"start":{"line":134,"column":2},"end":{"line":134,"column":7}},"loc":{"start":{"line":134,"column":39},"end":{"line":136,"column":3}}},"10":{"name":"(anonymous_11)","decl":{"start":{"line":138,"column":2},"end":{"line":138,"column":7}},"loc":{"start":{"line":138,"column":44},"end":{"line":145,"column":3}}}},"branchMap":{"0":{"loc":{"start":{"line":9,"column":4},"end":{"line":9,"column":53}},"type":"if","locations":[{"start":{"line":9,"column":4},"end":{"line":9,"column":53}},{"start":{},"end":{}}]},"1":{"loc":{"start":{"line":14,"column":4},"end":{"line":14,"column":73}},"type":"if","locations":[{"start":{"line":14,"column":4},"end":{"line":14,"column":73}},{"start":{},"end":{}}]},"2":{"loc":{"start":{"line":66,"column":4},"end":{"line":66,"column":57}},"type":"if","locations":[{"start":{"line":66,"column":4},"end":{"line":66,"column":57}},{"start":{},"end":{}}]},"3":{"loc":{"start":{"line":67,"column":4},"end":{"line":68,"column":53}},"type":"if","locations":[{"start":{"line":67,"column":4},"end":{"line":68,"column":53}},{"start":{},"end":{}}]},"4":{"loc":{"start":{"line":73,"column":4},"end":{"line":73,"column":70}},"type":"if","locations":[{"start":{"line":73,"column":4},"end":{"line":73,"column":70}},{"start":{},"end":{}}]},"5":{"loc":{"start":{"line":81,"column":6},"end":{"line":81,"column":61}},"type":"if","locations":[{"start":{"line":81,"column":6},"end":{"line":81,"column":61}},{"start":{},"end":{}}]},"6":{"loc":{"start":{"line":82,"column":6},"end":{"line":82,"column":79}},"type":"if","locations":[{"start":{"line":82,"column":6},"end":{"line":82,"column":79}},{"start":{},"end":{}}]},"7":{"loc":{"start":{"line":112,"column":6},"end":{"line":112,"column":55}},"type":"if","locations":[{"start":{"line":112,"column":6},"end":{"line":112,"column":55}},{"start":{},"end":{}}]},"8":{"loc":{"start":{"line":113,"column":6},"end":{"line":113,"column":73}},"type":"if","locations":[{"start":{"line":113,"column":6},"end":{"line":113,"column":73}},{"start":{},"end":{}}]}},"s":{"0":3,"1":3,"2":6,"3":6,"4":3,"5":3,"6":13,"7":4,"8":3,"9":3,"10":3,"11":4,"12":2,"13":1,"14":1,"15":1,"16":1,"17":1,"18":5,"19":4,"20":4,"21":1,"22":3,"23":1,"24":2,"25":2,"26":0,"27":2,"28":2,"29":2,"30":0,"31":2,"32":1,"33":1,"34":1,"35":1,"36":1,"37":4,"38":3,"39":3,"40":3,"41":1,"42":2,"43":1,"44":1,"45":1,"46":1,"47":1,"48":2,"49":2,"50":1,"51":3},"f":{"0":6,"1":13,"2":3,"3":4,"4":1,"5":5,"6":2,"7":4,"8":3,"9":2,"10":2},"b":{"0":[3,3],"1":[4,9],"2":[1,3],"3":[1,2],"4":[0,2],"5":[0,2],"6":[1,1],"7":[1,2],"8":[1,1]}}
,"/home/godblaise/Desktop/fullstack/wallet-service-lendsqr/src/utils/asyncHandler.ts": {"path":"/home/godblaise/Desktop/fullstack/wallet-service-lendsqr/src/utils/asyncHandler.ts","statementMap":{"0":{"start":{"line":2,"column":0},"end":{"line":2,"column":39}},"1":{"start":{"line":6,"column":28},"end":{"line":14,"column":1}},"2":{"start":{"line":7,"column":2},"end":{"line":13,"column":4}},"3":{"start":{"line":8,"column":4},"end":{"line":12,"column":5}},"4":{"start":{"line":9,"column":6},"end":{"line":9,"column":31}},"5":{"start":{"line":11,"column":6},"end":{"line":11,"column":41}},"6":{"start":{"line":6,"column":13},"end":{"line":6,"column":28}}},"fnMap":{"0":{"name":"(anonymous_0)","decl":{"start":{"line":6,"column":28},"end":{"line":6,"column":29}},"loc":{"start":{"line":6,"column":69},"end":{"line":14,"column":1}}},"1":{"name":"(anonymous_1)","decl":{"start":{"line":7,"column":9},"end":{"line":7,"column":14}},"loc":{"start":{"line":7,"column":34},"end":{"line":13,"column":3}}}},"branchMap":{},"s":{"0":6,"1":6,"2":14,"3":17,"4":17,"5":5,"6":6},"f":{"0":14,"1":17},"b":{}}
,"/home/godblaise/Desktop/fullstack/wallet-service-lendsqr/src/utils/encryption.ts": {"path":"/home/godblaise/Desktop/fullstack/wallet-service-lendsqr/src/utils/encryption.ts","statementMap":{"0":{"start":{"line":1,"column":0},"end":{"line":1,"column":28}},"1":{"start":{"line":3,"column":23},"end":{"line":3,"column":59}},"2":{"start":{"line":4,"column":18},"end":{"line":4,"column":31}},"3":{"start":{"line":6,"column":23},"end":{"line":11,"column":1}},"4":{"start":{"line":7,"column":13},"end":{"line":7,"column":35}},"5":{"start":{"line":8,"column":17},"end":{"line":8,"column":89}},"6":{"start":{"line":9,"column":20},"end":{"line":9,"column":72}},"7":{"start":{"line":10,"column":2},"end":{"line":10,"column":62}},"8":{"start":{"line":6,"column":13},"end":{"line":6,"column":23}}},"fnMap":{"0":{"name":"(anonymous_1)","decl":{"start":{"line":6,"column":23},"end":{"line":6,"column":24}},"loc":{"start":{"line":6,"column":48},"end":{"line":11,"column":1}}}},"branchMap":{},"s":{"0":6,"1":6,"2":6,"3":6,"4":1,"5":1,"6":1,"7":1,"8":6},"f":{"0":1},"b":{}}
,"/home/godblaise/Desktop/fullstack/wallet-service-lendsqr/src/utils/index.ts": {"path":"/home/godblaise/Desktop/fullstack/wallet-service-lendsqr/src/utils/index.ts","statementMap":{"0":{"start":{"line":1,"column":0},"end":{"line":1,"column":27}},"1":{"start":{"line":2,"column":0},"end":{"line":2,"column":24}},"2":{"start":{"line":3,"column":0},"end":{"line":3,"column":28}},"3":{"start":{"line":4,"column":0},"end":{"line":4,"column":29}},"4":{"start":{"line":5,"column":0},"end":{"line":5,"column":31}}},"fnMap":{},"branchMap":{},"s":{"0":6,"1":6,"2":6,"3":6,"4":6},"f":{},"b":{}}
,"/home/godblaise/Desktop/fullstack/wallet-service-lendsqr/src/utils/reference.ts": {"path":"/home/godblaise/Desktop/fullstack/wallet-service-lendsqr/src/utils/reference.ts","statementMap":{"0":{"start":{"line":1,"column":0},"end":{"line":1,"column":36}},"1":{"start":{"line":3,"column":33},"end":{"line":5,"column":1}},"2":{"start":{"line":4,"column":2},"end":{"line":4,"column":27}},"3":{"start":{"line":3,"column":13},"end":{"line":3,"column":33}}},"fnMap":{"0":{"name":"(anonymous_0)","decl":{"start":{"line":3,"column":33},"end":{"line":3,"column":44}},"loc":{"start":{"line":3,"column":46},"end":{"line":5,"column":1}}}},"branchMap":{},"s":{"0":6,"1":6,"2":3,"3":6},"f":{"0":3},"b":{}}
,"/home/godblaise/Desktop/fullstack/wallet-service-lendsqr/src/utils/response.ts": {"path":"/home/godblaise/Desktop/fullstack/wallet-service-lendsqr/src/utils/response.ts","statementMap":{"0":{"start":{"line":4,"column":27},"end":{"line":7,"column":1}},"1":{"start":{"line":5,"column":37},"end":{"line":5,"column":68}},"2":{"start":{"line":6,"column":4},"end":{"line":6,"column":49}},"3":{"start":{"line":4,"column":13},"end":{"line":4,"column":27}},"4":{"start":{"line":9,"column":25},"end":{"line":12,"column":1}},"5":{"start":{"line":10,"column":40},"end":{"line":10,"column":66}},"6":{"start":{"line":11,"column":4},"end":{"line":11,"column":49}},"7":{"start":{"line":9,"column":13},"end":{"line":9,"column":25}}},"fnMap":{"0":{"name":"(anonymous_0)","decl":{"start":{"line":4,"column":27},"end":{"line":4,"column":31}},"loc":{"start":{"line":4,"column":93},"end":{"line":7,"column":1}}},"1":{"name":"(anonymous_1)","decl":{"start":{"line":9,"column":25},"end":{"line":9,"column":26}},"loc":{"start":{"line":9,"column":78},"end":{"line":12,"column":1}}}},"branchMap":{"0":{"loc":{"start":{"line":4,"column":73},"end":{"line":4,"column":89}},"type":"default-arg","locations":[{"start":{"line":4,"column":86},"end":{"line":4,"column":89}}]},"1":{"loc":{"start":{"line":9,"column":58},"end":{"line":9,"column":74}},"type":"default-arg","locations":[{"start":{"line":9,"column":71},"end":{"line":9,"column":74}}]}},"s":{"0":6,"1":7,"2":7,"3":6,"4":6,"5":12,"6":12,"7":6},"f":{"0":7,"1":12},"b":{"0":[6],"1":[0]}}
,"/home/godblaise/Desktop/fullstack/wallet-service-lendsqr/src/utils/token.ts": {"path":"/home/godblaise/Desktop/fullstack/wallet-service-lendsqr/src/utils/token.ts","statementMap":{"0":{"start":{"line":1,"column":0},"end":{"line":1,"column":48}},"1":{"start":{"line":4,"column":29},"end":{"line":8,"column":1}},"2":{"start":{"line":5,"column":2},"end":{"line":7,"column":5}},"3":{"start":{"line":4,"column":13},"end":{"line":4,"column":29}},"4":{"start":{"line":10,"column":27},"end":{"line":18,"column":1}},"5":{"start":{"line":11,"column":18},"end":{"line":11,"column":69}},"6":{"start":{"line":13,"column":2},"end":{"line":15,"column":3}},"7":{"start":{"line":14,"column":4},"end":{"line":14,"column":45}},"8":{"start":{"line":17,"column":2},"end":{"line":17,"column":32}},"9":{"start":{"line":10,"column":13},"end":{"line":10,"column":27}}},"fnMap":{"0":{"name":"(anonymous_1)","decl":{"start":{"line":4,"column":29},"end":{"line":4,"column":30}},"loc":{"start":{"line":4,"column":62},"end":{"line":8,"column":1}}},"1":{"name":"(anonymous_2)","decl":{"start":{"line":10,"column":27},"end":{"line":10,"column":28}},"loc":{"start":{"line":10,"column":58},"end":{"line":18,"column":1}}}},"branchMap":{"0":{"loc":{"start":{"line":6,"column":16},"end":{"line":6,"column":51}},"type":"binary-expr","locations":[{"start":{"line":6,"column":16},"end":{"line":6,"column":42}},{"start":{"line":6,"column":46},"end":{"line":6,"column":51}}]},"1":{"loc":{"start":{"line":13,"column":2},"end":{"line":15,"column":3}},"type":"if","locations":[{"start":{"line":13,"column":2},"end":{"line":15,"column":3}},{"start":{},"end":{}}]},"2":{"loc":{"start":{"line":13,"column":6},"end":{"line":13,"column":80}},"type":"binary-expr","locations":[{"start":{"line":13,"column":6},"end":{"line":13,"column":33}},{"start":{"line":13,"column":37},"end":{"line":13,"column":55}},{"start":{"line":13,"column":59},"end":{"line":13,"column":80}}]}},"s":{"0":5,"1":5,"2":2,"3":5,"4":5,"5":0,"6":0,"7":0,"8":0,"9":5},"f":{"0":2,"1":0},"b":{"0":[2,0],"1":[0,0],"2":[0,0,0]}}
}
