{"/home/godblaise/Desktop/fullstack/wallet-service-lendsqr/src/app.ts": {"path":"/home/godblaise/Desktop/fullstack/wallet-service-lendsqr/src/app.ts","statementMap":{"0":{"start":{"line":1,"column":0},"end":{"line":1,"column":28}},"1":{"start":{"line":2,"column":0},"end":{"line":2,"column":16}},"2":{"start":{"line":4,"column":0},"end":{"line":4,"column":66}},"3":{"start":{"line":5,"column":0},"end":{"line":5,"column":30}},"4":{"start":{"line":6,"column":0},"end":{"line":6,"column":45}},"5":{"start":{"line":10,"column":25},"end":{"line":10,"column":34}},"6":{"start":{"line":13,"column":0},"end":{"line":13,"column":24}},"7":{"start":{"line":14,"column":0},"end":{"line":14,"column":48}},"8":{"start":{"line":17,"column":0},"end":{"line":23,"column":3}},"9":{"start":{"line":18,"column":2},"end":{"line":22,"column":5}},"10":{"start":{"line":26,"column":0},"end":{"line":26,"column":27}},"11":{"start":{"line":29,"column":0},"end":{"line":34,"column":3}},"12":{"start":{"line":30,"column":2},"end":{"line":33,"column":5}},"13":{"start":{"line":37,"column":0},"end":{"line":37,"column":22}},"14":{"start":{"line":39,"column":0},"end":{"line":39,"column":19}}},"fnMap":{"0":{"name":"(anonymous_1)","decl":{"start":{"line":17,"column":19},"end":{"line":17,"column":20}},"loc":{"start":{"line":17,"column":51},"end":{"line":23,"column":1}}},"1":{"name":"(anonymous_2)","decl":{"start":{"line":29,"column":8},"end":{"line":29,"column":9}},"loc":{"start":{"line":29,"column":40},"end":{"line":34,"column":1}}}},"branchMap":{},"s":{"0":2,"1":2,"2":2,"3":2,"4":2,"5":2,"6":2,"7":2,"8":2,"9":0,"10":2,"11":2,"12":0,"13":2,"14":2},"f":{"0":0,"1":0},"b":{}}
,"/home/godblaise/Desktop/fullstack/wallet-service-lendsqr/src/config/database.ts": {"path":"/home/godblaise/Desktop/fullstack/wallet-service-lendsqr/src/config/database.ts","statementMap":{"0":{"start":{"line":1,"column":0},"end":{"line":1,"column":24}},"1":{"start":{"line":2,"column":0},"end":{"line":2,"column":36}},"2":{"start":{"line":4,"column":20},"end":{"line":4,"column":57}},"3":{"start":{"line":5,"column":11},"end":{"line":5,"column":36}},"4":{"start":{"line":7,"column":0},"end":{"line":7,"column":18}}},"fnMap":{},"branchMap":{"0":{"loc":{"start":{"line":4,"column":20},"end":{"line":4,"column":57}},"type":"binary-expr","locations":[{"start":{"line":4,"column":20},"end":{"line":4,"column":40}},{"start":{"line":4,"column":44},"end":{"line":4,"column":57}}]}},"s":{"0":6,"1":6,"2":6,"3":6,"4":6},"f":{},"b":{"0":[6,0]}}
,"/home/godblaise/Desktop/fullstack/wallet-service-lendsqr/src/controllers/user.controller.ts": {"path":"/home/godblaise/Desktop/fullstack/wallet-service-lendsqr/src/controllers/user.controller.ts","statementMap":{"0":{"start":{"line":2,"column":0},"end":{"line":2,"column":51}},"1":{"start":{"line":3,"column":0},"end":{"line":3,"column":50}},"2":{"start":{"line":7,"column":4},"end":{"line":19,"column":5}},"3":{"start":{"line":8,"column":69},"end":{"line":8,"column":77}},"4":{"start":{"line":10,"column":6},"end":{"line":13,"column":7}},"5":{"start":{"line":11,"column":8},"end":{"line":11,"column":55}},"6":{"start":{"line":12,"column":8},"end":{"line":12,"column":15}},"7":{"start":{"line":15,"column":21},"end":{"line":15,"column":103}},"8":{"start":{"line":16,"column":6},"end":{"line":16,"column":68}},"9":{"start":{"line":18,"column":6},"end":{"line":18,"column":41}},"10":{"start":{"line":23,"column":4},"end":{"line":35,"column":5}},"11":{"start":{"line":24,"column":34},"end":{"line":24,"column":42}},"12":{"start":{"line":26,"column":6},"end":{"line":29,"column":7}},"13":{"start":{"line":27,"column":8},"end":{"line":27,"column":63}},"14":{"start":{"line":28,"column":8},"end":{"line":28,"column":15}},"15":{"start":{"line":31,"column":21},"end":{"line":31,"column":65}},"16":{"start":{"line":32,"column":6},"end":{"line":32,"column":51}},"17":{"start":{"line":34,"column":6},"end":{"line":34,"column":41}},"18":{"start":{"line":39,"column":0},"end":{"line":39,"column":36}}},"fnMap":{"0":{"name":"(anonymous_1)","decl":{"start":{"line":6,"column":2},"end":{"line":6,"column":7}},"loc":{"start":{"line":6,"column":44},"end":{"line":20,"column":3}}},"1":{"name":"(anonymous_2)","decl":{"start":{"line":22,"column":2},"end":{"line":22,"column":7}},"loc":{"start":{"line":22,"column":41},"end":{"line":36,"column":3}}}},"branchMap":{"0":{"loc":{"start":{"line":10,"column":6},"end":{"line":13,"column":7}},"type":"if","locations":[{"start":{"line":10,"column":6},"end":{"line":13,"column":7}},{"start":{},"end":{}}]},"1":{"loc":{"start":{"line":10,"column":10},"end":{"line":10,"column":77}},"type":"binary-expr","locations":[{"start":{"line":10,"column":10},"end":{"line":10,"column":21}},{"start":{"line":10,"column":25},"end":{"line":10,"column":35}},{"start":{"line":10,"column":39},"end":{"line":10,"column":45}},{"start":{"line":10,"column":49},"end":{"line":10,"column":53}},{"start":{"line":10,"column":58},"end":{"line":10,"column":64}},{"start":{"line":10,"column":68},"end":{"line":10,"column":77}}]},"2":{"loc":{"start":{"line":26,"column":6},"end":{"line":29,"column":7}},"type":"if","locations":[{"start":{"line":26,"column":6},"end":{"line":29,"column":7}},{"start":{},"end":{}}]},"3":{"loc":{"start":{"line":26,"column":10},"end":{"line":26,"column":29}},"type":"binary-expr","locations":[{"start":{"line":26,"column":10},"end":{"line":26,"column":16}},{"start":{"line":26,"column":20},"end":{"line":26,"column":29}}]}},"s":{"0":2,"1":2,"2":4,"3":4,"4":4,"5":1,"6":1,"7":3,"8":1,"9":2,"10":3,"11":3,"12":3,"13":1,"14":1,"15":2,"16":1,"17":1,"18":2},"f":{"0":4,"1":3},"b":{"0":[1,3],"1":[4,3,3,3,3,3],"2":[1,2],"3":[3,3]}}
,"/home/godblaise/Desktop/fullstack/wallet-service-lendsqr/src/controllers/wallet.controller.ts": {"path":"/home/godblaise/Desktop/fullstack/wallet-service-lendsqr/src/controllers/wallet.controller.ts","statementMap":{"0":{"start":{"line":2,"column":0},"end":{"line":2,"column":55}},"1":{"start":{"line":3,"column":0},"end":{"line":3,"column":50}},"2":{"start":{"line":7,"column":4},"end":{"line":20,"column":5}},"3":{"start":{"line":8,"column":21},"end":{"line":8,"column":33}},"4":{"start":{"line":9,"column":25},"end":{"line":9,"column":33}},"5":{"start":{"line":11,"column":6},"end":{"line":14,"column":7}},"6":{"start":{"line":12,"column":8},"end":{"line":12,"column":50}},"7":{"start":{"line":13,"column":8},"end":{"line":13,"column":15}},"8":{"start":{"line":16,"column":21},"end":{"line":16,"column":75}},"9":{"start":{"line":17,"column":6},"end":{"line":17,"column":61}},"10":{"start":{"line":19,"column":6},"end":{"line":19,"column":41}},"11":{"start":{"line":24,"column":4},"end":{"line":37,"column":5}},"12":{"start":{"line":25,"column":23},"end":{"line":25,"column":35}},"13":{"start":{"line":26,"column":41},"end":{"line":26,"column":49}},"14":{"start":{"line":28,"column":6},"end":{"line":31,"column":7}},"15":{"start":{"line":29,"column":8},"end":{"line":29,"column":70}},"16":{"start":{"line":30,"column":8},"end":{"line":30,"column":15}},"17":{"start":{"line":33,"column":21},"end":{"line":33,"column":96}},"18":{"start":{"line":34,"column":6},"end":{"line":34,"column":54}},"19":{"start":{"line":36,"column":6},"end":{"line":36,"column":41}},"20":{"start":{"line":41,"column":4},"end":{"line":54,"column":5}},"21":{"start":{"line":42,"column":21},"end":{"line":42,"column":33}},"22":{"start":{"line":43,"column":25},"end":{"line":43,"column":33}},"23":{"start":{"line":45,"column":6},"end":{"line":48,"column":7}},"24":{"start":{"line":46,"column":8},"end":{"line":46,"column":50}},"25":{"start":{"line":47,"column":8},"end":{"line":47,"column":15}},"26":{"start":{"line":50,"column":21},"end":{"line":50,"column":78}},"27":{"start":{"line":51,"column":6},"end":{"line":51,"column":56}},"28":{"start":{"line":53,"column":6},"end":{"line":53,"column":41}},"29":{"start":{"line":58,"column":4},"end":{"line":64,"column":5}},"30":{"start":{"line":59,"column":21},"end":{"line":59,"column":33}},"31":{"start":{"line":60,"column":21},"end":{"line":60,"column":65}},"32":{"start":{"line":61,"column":6},"end":{"line":61,"column":59}},"33":{"start":{"line":63,"column":6},"end":{"line":63,"column":41}},"34":{"start":{"line":68,"column":4},"end":{"line":74,"column":5}},"35":{"start":{"line":69,"column":21},"end":{"line":69,"column":33}},"36":{"start":{"line":70,"column":21},"end":{"line":70,"column":70}},"37":{"start":{"line":71,"column":6},"end":{"line":71,"column":64}},"38":{"start":{"line":73,"column":6},"end":{"line":73,"column":41}},"39":{"start":{"line":78,"column":0},"end":{"line":78,"column":38}}},"fnMap":{"0":{"name":"(anonymous_1)","decl":{"start":{"line":6,"column":2},"end":{"line":6,"column":7}},"loc":{"start":{"line":6,"column":46},"end":{"line":21,"column":3}}},"1":{"name":"(anonymous_2)","decl":{"start":{"line":23,"column":2},"end":{"line":23,"column":7}},"loc":{"start":{"line":23,"column":44},"end":{"line":38,"column":3}}},"2":{"name":"(anonymous_3)","decl":{"start":{"line":40,"column":2},"end":{"line":40,"column":7}},"loc":{"start":{"line":40,"column":44},"end":{"line":55,"column":3}}},"3":{"name":"(anonymous_4)","decl":{"start":{"line":57,"column":2},"end":{"line":57,"column":7}},"loc":{"start":{"line":57,"column":46},"end":{"line":65,"column":3}}},"4":{"name":"(anonymous_5)","decl":{"start":{"line":67,"column":2},"end":{"line":67,"column":7}},"loc":{"start":{"line":67,"column":51},"end":{"line":75,"column":3}}}},"branchMap":{"0":{"loc":{"start":{"line":11,"column":6},"end":{"line":14,"column":7}},"type":"if","locations":[{"start":{"line":11,"column":6},"end":{"line":14,"column":7}},{"start":{},"end":{}}]},"1":{"loc":{"start":{"line":28,"column":6},"end":{"line":31,"column":7}},"type":"if","locations":[{"start":{"line":28,"column":6},"end":{"line":31,"column":7}},{"start":{},"end":{}}]},"2":{"loc":{"start":{"line":28,"column":10},"end":{"line":28,"column":36}},"type":"binary-expr","locations":[{"start":{"line":28,"column":10},"end":{"line":28,"column":25}},{"start":{"line":28,"column":29},"end":{"line":28,"column":36}}]},"3":{"loc":{"start":{"line":45,"column":6},"end":{"line":48,"column":7}},"type":"if","locations":[{"start":{"line":45,"column":6},"end":{"line":48,"column":7}},{"start":{},"end":{}}]}},"s":{"0":2,"1":2,"2":2,"3":2,"4":2,"5":2,"6":1,"7":1,"8":1,"9":1,"10":0,"11":3,"12":3,"13":3,"14":3,"15":1,"16":1,"17":2,"18":1,"19":1,"20":3,"21":3,"22":3,"23":3,"24":1,"25":1,"26":2,"27":1,"28":1,"29":1,"30":1,"31":1,"32":1,"33":0,"34":1,"35":1,"36":1,"37":1,"38":0,"39":2},"f":{"0":2,"1":3,"2":3,"3":1,"4":1},"b":{"0":[1,1],"1":[1,2],"2":[3,2],"3":[1,2]}}
,"/home/godblaise/Desktop/fullstack/wallet-service-lendsqr/src/middlewares/auth.ts": {"path":"/home/godblaise/Desktop/fullstack/wallet-service-lendsqr/src/middlewares/auth.ts","statementMap":{"0":{"start":{"line":2,"column":0},"end":{"line":2,"column":39}},"1":{"start":{"line":3,"column":0},"end":{"line":3,"column":37}},"2":{"start":{"line":5,"column":28},"end":{"line":21,"column":1}},"3":{"start":{"line":6,"column":2},"end":{"line":20,"column":3}},"4":{"start":{"line":7,"column":23},"end":{"line":7,"column":48}},"5":{"start":{"line":9,"column":4},"end":{"line":12,"column":5}},"6":{"start":{"line":10,"column":6},"end":{"line":10,"column":47}},"7":{"start":{"line":11,"column":6},"end":{"line":11,"column":13}},"8":{"start":{"line":14,"column":18},"end":{"line":14,"column":42}},"9":{"start":{"line":15,"column":20},"end":{"line":15,"column":38}},"10":{"start":{"line":16,"column":4},"end":{"line":16,"column":23}},"11":{"start":{"line":17,"column":4},"end":{"line":17,"column":11}},"12":{"start":{"line":19,"column":4},"end":{"line":19,"column":52}},"13":{"start":{"line":5,"column":13},"end":{"line":5,"column":28}}},"fnMap":{"0":{"name":"(anonymous_0)","decl":{"start":{"line":5,"column":28},"end":{"line":5,"column":29}},"loc":{"start":{"line":5,"column":86},"end":{"line":21,"column":1}}}},"branchMap":{"0":{"loc":{"start":{"line":9,"column":4},"end":{"line":12,"column":5}},"type":"if","locations":[{"start":{"line":9,"column":4},"end":{"line":12,"column":5}},{"start":{},"end":{}}]},"1":{"loc":{"start":{"line":9,"column":8},"end":{"line":9,"column":56}},"type":"binary-expr","locations":[{"start":{"line":9,"column":8},"end":{"line":9,"column":19}},{"start":{"line":9,"column":23},"end":{"line":9,"column":56}}]}},"s":{"0":2,"1":2,"2":2,"3":12,"4":12,"5":12,"6":2,"7":2,"8":10,"9":10,"10":10,"11":10,"12":0,"13":2},"f":{"0":12},"b":{"0":[2,10],"1":[12,10]}}
,"/home/godblaise/Desktop/fullstack/wallet-service-lendsqr/src/middlewares/errorHandler.ts": {"path":"/home/godblaise/Desktop/fullstack/wallet-service-lendsqr/src/middlewares/errorHandler.ts","statementMap":{"0":{"start":{"line":2,"column":0},"end":{"line":2,"column":37}},"1":{"start":{"line":4,"column":28},"end":{"line":7,"column":1}},"2":{"start":{"line":5,"column":2},"end":{"line":5,"column":27}},"3":{"start":{"line":6,"column":2},"end":{"line":6,"column":62}},"4":{"start":{"line":4,"column":13},"end":{"line":4,"column":28}}},"fnMap":{"0":{"name":"(anonymous_0)","decl":{"start":{"line":4,"column":28},"end":{"line":4,"column":29}},"loc":{"start":{"line":4,"column":98},"end":{"line":7,"column":1}}}},"branchMap":{"0":{"loc":{"start":{"line":6,"column":17},"end":{"line":6,"column":55}},"type":"binary-expr","locations":[{"start":{"line":6,"column":17},"end":{"line":6,"column":28}},{"start":{"line":6,"column":32},"end":{"line":6,"column":55}}]}},"s":{"0":2,"1":2,"2":0,"3":0,"4":2},"f":{"0":0},"b":{"0":[0,0]}}
,"/home/godblaise/Desktop/fullstack/wallet-service-lendsqr/src/middlewares/index.ts": {"path":"/home/godblaise/Desktop/fullstack/wallet-service-lendsqr/src/middlewares/index.ts","statementMap":{"0":{"start":{"line":1,"column":0},"end":{"line":1,"column":23}},"1":{"start":{"line":2,"column":0},"end":{"line":2,"column":31}}},"fnMap":{},"branchMap":{},"s":{"0":2,"1":2},"f":{},"b":{}}
,"/home/godblaise/Desktop/fullstack/wallet-service-lendsqr/src/routes/index.ts": {"path":"/home/godblaise/Desktop/fullstack/wallet-service-lendsqr/src/routes/index.ts","statementMap":{"0":{"start":{"line":1,"column":0},"end":{"line":1,"column":33}},"1":{"start":{"line":2,"column":0},"end":{"line":2,"column":39}},"2":{"start":{"line":3,"column":0},"end":{"line":3,"column":43}},"3":{"start":{"line":5,"column":15},"end":{"line":5,"column":23}},"4":{"start":{"line":7,"column":0},"end":{"line":7,"column":32}},"5":{"start":{"line":8,"column":0},"end":{"line":8,"column":36}},"6":{"start":{"line":10,"column":0},"end":{"line":10,"column":22}}},"fnMap":{},"branchMap":{},"s":{"0":2,"1":2,"2":2,"3":2,"4":2,"5":2,"6":2},"f":{},"b":{}}
,"/home/godblaise/Desktop/fullstack/wallet-service-lendsqr/src/routes/user.routes.ts": {"path":"/home/godblaise/Desktop/fullstack/wallet-service-lendsqr/src/routes/user.routes.ts","statementMap":{"0":{"start":{"line":1,"column":0},"end":{"line":1,"column":33}},"1":{"start":{"line":2,"column":0},"end":{"line":2,"column":60}},"2":{"start":{"line":4,"column":15},"end":{"line":4,"column":23}},"3":{"start":{"line":6,"column":0},"end":{"line":6,"column":71}},"4":{"start":{"line":7,"column":0},"end":{"line":7,"column":65}},"5":{"start":{"line":9,"column":0},"end":{"line":9,"column":22}}},"fnMap":{},"branchMap":{},"s":{"0":2,"1":2,"2":2,"3":2,"4":2,"5":2},"f":{},"b":{}}
,"/home/godblaise/Desktop/fullstack/wallet-service-lendsqr/src/routes/wallet.routes.ts": {"path":"/home/godblaise/Desktop/fullstack/wallet-service-lendsqr/src/routes/wallet.routes.ts","statementMap":{"0":{"start":{"line":1,"column":0},"end":{"line":1,"column":33}},"1":{"start":{"line":2,"column":0},"end":{"line":2,"column":64}},"2":{"start":{"line":3,"column":0},"end":{"line":3,"column":46}},"3":{"start":{"line":5,"column":15},"end":{"line":5,"column":23}},"4":{"start":{"line":7,"column":0},"end":{"line":7,"column":25}},"5":{"start":{"line":9,"column":0},"end":{"line":9,"column":75}},"6":{"start":{"line":10,"column":0},"end":{"line":10,"column":73}},"7":{"start":{"line":11,"column":0},"end":{"line":11,"column":75}},"8":{"start":{"line":12,"column":0},"end":{"line":12,"column":75}},"9":{"start":{"line":13,"column":0},"end":{"line":13,"column":85}},"10":{"start":{"line":15,"column":0},"end":{"line":15,"column":22}}},"fnMap":{},"branchMap":{},"s":{"0":2,"1":2,"2":2,"3":2,"4":2,"5":2,"6":2,"7":2,"8":2,"9":2,"10":2},"f":{},"b":{}}
,"/home/godblaise/Desktop/fullstack/wallet-service-lendsqr/src/services/adjutor.service.ts": {"path":"/home/godblaise/Desktop/fullstack/wallet-service-lendsqr/src/services/adjutor.service.ts","statementMap":{"0":{"start":{"line":1,"column":0},"end":{"line":1,"column":26}},"1":{"start":{"line":4,"column":10},"end":{"line":4,"column":49}},"2":{"start":{"line":5,"column":10},"end":{"line":5,"column":47}},"3":{"start":{"line":8,"column":4},"end":{"line":10,"column":6}},"4":{"start":{"line":15,"column":4},"end":{"line":28,"column":5}},"5":{"start":{"line":16,"column":23},"end":{"line":18,"column":null}},"6":{"start":{"line":20,"column":6},"end":{"line":20,"column":57}},"7":{"start":{"line":20,"column":44},"end":{"line":20,"column":57}},"8":{"start":{"line":21,"column":6},"end":{"line":21,"column":70}},"9":{"start":{"line":22,"column":6},"end":{"line":22,"column":79}},"10":{"start":{"line":24,"column":6},"end":{"line":24,"column":55}},"11":{"start":{"line":24,"column":42},"end":{"line":24,"column":55}},"12":{"start":{"line":25,"column":6},"end":{"line":27,"column":8}},"13":{"start":{"line":32,"column":0},"end":{"line":32,"column":36}}},"fnMap":{"0":{"name":"(anonymous_1)","decl":{"start":{"line":3,"column":0},"end":{"line":3,"column":6}},"loc":{"start":{"line":3,"column":0},"end":{"line":30,"column":1}}},"1":{"name":"(anonymous_2)","decl":{"start":{"line":7,"column":2},"end":{"line":7,"column":14}},"loc":{"start":{"line":7,"column":21},"end":{"line":11,"column":3}}},"2":{"name":"(anonymous_3)","decl":{"start":{"line":13,"column":2},"end":{"line":13,"column":7}},"loc":{"start":{"line":13,"column":39},"end":{"line":29,"column":3}}}},"branchMap":{"0":{"loc":{"start":{"line":20,"column":6},"end":{"line":20,"column":57}},"type":"if","locations":[{"start":{"line":20,"column":6},"end":{"line":20,"column":57}},{"start":{},"end":{}}]},"1":{"loc":{"start":{"line":22,"column":13},"end":{"line":22,"column":78}},"type":"binary-expr","locations":[{"start":{"line":22,"column":13},"end":{"line":22,"column":41}},{"start":{"line":22,"column":45},"end":{"line":22,"column":78}}]},"2":{"loc":{"start":{"line":24,"column":6},"end":{"line":24,"column":55}},"type":"if","locations":[{"start":{"line":24,"column":6},"end":{"line":24,"column":55}},{"start":{},"end":{}}]}},"s":{"0":4,"1":4,"2":4,"3":4,"4":4,"5":4,"6":2,"7":1,"8":1,"9":1,"10":2,"11":1,"12":1,"13":4},"f":{"0":4,"1":4,"2":4},"b":{"0":[1,1],"1":[1,1],"2":[1,1]}}
,"/home/godblaise/Desktop/fullstack/wallet-service-lendsqr/src/services/user.service.ts": {"path":"/home/godblaise/Desktop/fullstack/wallet-service-lendsqr/src/services/user.service.ts","statementMap":{"0":{"start":{"line":1,"column":0},"end":{"line":1,"column":36}},"1":{"start":{"line":2,"column":0},"end":{"line":2,"column":30}},"2":{"start":{"line":3,"column":0},"end":{"line":3,"column":50}},"3":{"start":{"line":4,"column":0},"end":{"line":4,"column":47}},"4":{"start":{"line":11,"column":4},"end":{"line":11,"column":60}},"5":{"start":{"line":15,"column":78},"end":{"line":15,"column":89}},"6":{"start":{"line":16,"column":4},"end":{"line":16,"column":20}},"7":{"start":{"line":27,"column":19},"end":{"line":27,"column":57}},"8":{"start":{"line":28,"column":2},"end":{"line":28,"column":56}},"9":{"start":{"line":28,"column":16},"end":{"line":28,"column":56}},"10":{"start":{"line":30,"column":24},"end":{"line":30,"column":74}},"11":{"start":{"line":31,"column":2},"end":{"line":31,"column":128}},"12":{"start":{"line":31,"column":21},"end":{"line":31,"column":128}},"13":{"start":{"line":33,"column":24},"end":{"line":33,"column":60}},"14":{"start":{"line":34,"column":24},"end":{"line":34,"column":41}},"15":{"start":{"line":36,"column":17},"end":{"line":63,"column":4}},"16":{"start":{"line":37,"column":21},"end":{"line":46,"column":6}},"17":{"start":{"line":48,"column":4},"end":{"line":52,"column":7}},"18":{"start":{"line":54,"column":17},"end":{"line":57,"column":14}},"19":{"start":{"line":59,"column":4},"end":{"line":59,"column":59}},"20":{"start":{"line":59,"column":15},"end":{"line":59,"column":59}},"21":{"start":{"line":61,"column":18},"end":{"line":61,"column":67}},"22":{"start":{"line":62,"column":4},"end":{"line":62,"column":27}},"23":{"start":{"line":65,"column":2},"end":{"line":65,"column":16}},"24":{"start":{"line":72,"column":17},"end":{"line":72,"column":55}},"25":{"start":{"line":73,"column":4},"end":{"line":73,"column":54}},"26":{"start":{"line":73,"column":15},"end":{"line":73,"column":54}},"27":{"start":{"line":75,"column":4},"end":{"line":76,"column":48}},"28":{"start":{"line":76,"column":6},"end":{"line":76,"column":48}},"29":{"start":{"line":77,"column":4},"end":{"line":77,"column":77}},"30":{"start":{"line":77,"column":37},"end":{"line":77,"column":77}},"31":{"start":{"line":79,"column":20},"end":{"line":79,"column":75}},"32":{"start":{"line":80,"column":4},"end":{"line":80,"column":57}},"33":{"start":{"line":80,"column":18},"end":{"line":80,"column":57}},"34":{"start":{"line":82,"column":18},"end":{"line":82,"column":67}},"35":{"start":{"line":83,"column":4},"end":{"line":83,"column":52}},"36":{"start":{"line":87,"column":0},"end":{"line":87,"column":33}}},"fnMap":{"0":{"name":"(anonymous_1)","decl":{"start":{"line":8,"column":10},"end":{"line":8,"column":15}},"loc":{"start":{"line":9,"column":17},"end":{"line":12,"column":3}}},"1":{"name":"(anonymous_2)","decl":{"start":{"line":14,"column":10},"end":{"line":14,"column":22}},"loc":{"start":{"line":14,"column":33},"end":{"line":17,"column":3}}},"2":{"name":"(anonymous_3)","decl":{"start":{"line":19,"column":2},"end":{"line":19,"column":7}},"loc":{"start":{"line":26,"column":1},"end":{"line":66,"column":1}}},"3":{"name":"(anonymous_4)","decl":{"start":{"line":36,"column":38},"end":{"line":36,"column":43}},"loc":{"start":{"line":36,"column":52},"end":{"line":63,"column":3}}},"4":{"name":"(anonymous_5)","decl":{"start":{"line":68,"column":2},"end":{"line":68,"column":7}},"loc":{"start":{"line":71,"column":3},"end":{"line":84,"column":3}}}},"branchMap":{"0":{"loc":{"start":{"line":28,"column":2},"end":{"line":28,"column":56}},"type":"if","locations":[{"start":{"line":28,"column":2},"end":{"line":28,"column":56}},{"start":{},"end":{}}]},"1":{"loc":{"start":{"line":31,"column":2},"end":{"line":31,"column":128}},"type":"if","locations":[{"start":{"line":31,"column":2},"end":{"line":31,"column":128}},{"start":{},"end":{}}]},"2":{"loc":{"start":{"line":59,"column":4},"end":{"line":59,"column":59}},"type":"if","locations":[{"start":{"line":59,"column":4},"end":{"line":59,"column":59}},{"start":{},"end":{}}]},"3":{"loc":{"start":{"line":73,"column":4},"end":{"line":73,"column":54}},"type":"if","locations":[{"start":{"line":73,"column":4},"end":{"line":73,"column":54}},{"start":{},"end":{}}]},"4":{"loc":{"start":{"line":75,"column":4},"end":{"line":76,"column":48}},"type":"if","locations":[{"start":{"line":75,"column":4},"end":{"line":76,"column":48}},{"start":{},"end":{}}]},"5":{"loc":{"start":{"line":77,"column":4},"end":{"line":77,"column":77}},"type":"if","locations":[{"start":{"line":77,"column":4},"end":{"line":77,"column":77}},{"start":{},"end":{}}]},"6":{"loc":{"start":{"line":80,"column":4},"end":{"line":80,"column":57}},"type":"if","locations":[{"start":{"line":80,"column":4},"end":{"line":80,"column":57}},{"start":{},"end":{}}]}},"s":{"0":3,"1":3,"2":3,"3":3,"4":7,"5":1,"6":1,"7":3,"8":3,"9":1,"10":2,"11":2,"12":1,"13":1,"14":1,"15":1,"16":1,"17":1,"18":1,"19":1,"20":0,"21":1,"22":1,"23":1,"24":4,"25":4,"26":1,"27":3,"28":1,"29":2,"30":0,"31":2,"32":2,"33":1,"34":1,"35":1,"36":3},"f":{"0":7,"1":1,"2":3,"3":1,"4":4},"b":{"0":[1,2],"1":[1,1],"2":[0,1],"3":[1,3],"4":[1,2],"5":[0,2],"6":[1,1]}}
,"/home/godblaise/Desktop/fullstack/wallet-service-lendsqr/src/services/wallet.service.ts": {"path":"/home/godblaise/Desktop/fullstack/wallet-service-lendsqr/src/services/wallet.service.ts","statementMap":{"0":{"start":{"line":2,"column":0},"end":{"line":2,"column":45}},"1":{"start":{"line":3,"column":0},"end":{"line":3,"column":36}},"2":{"start":{"line":7,"column":19},"end":{"line":7,"column":73}},"3":{"start":{"line":8,"column":4},"end":{"line":8,"column":53}},"4":{"start":{"line":8,"column":17},"end":{"line":8,"column":53}},"5":{"start":{"line":9,"column":4},"end":{"line":9,"column":18}},"6":{"start":{"line":13,"column":4},"end":{"line":13,"column":73}},"7":{"start":{"line":13,"column":21},"end":{"line":13,"column":73}},"8":{"start":{"line":26,"column":22},"end":{"line":26,"column":41}},"9":{"start":{"line":27,"column":4},"end":{"line":27,"column":80}},"10":{"start":{"line":28,"column":4},"end":{"line":28,"column":21}},"11":{"start":{"line":32,"column":4},"end":{"line":32,"column":32}},"12":{"start":{"line":33,"column":19},"end":{"line":33,"column":56}},"13":{"start":{"line":35,"column":4},"end":{"line":52,"column":7}},"14":{"start":{"line":36,"column":6},"end":{"line":38,"column":38}},"15":{"start":{"line":40,"column":24},"end":{"line":46,"column":8}},"16":{"start":{"line":48,"column":28},"end":{"line":50,"column":16}},"17":{"start":{"line":51,"column":6},"end":{"line":51,"column":50}},"18":{"start":{"line":60,"column":4},"end":{"line":60,"column":32}},"19":{"start":{"line":61,"column":25},"end":{"line":61,"column":64}},"20":{"start":{"line":63,"column":4},"end":{"line":63,"column":77}},"21":{"start":{"line":63,"column":39},"end":{"line":63,"column":77}},"22":{"start":{"line":65,"column":21},"end":{"line":65,"column":84}},"23":{"start":{"line":66,"column":4},"end":{"line":66,"column":57}},"24":{"start":{"line":66,"column":19},"end":{"line":66,"column":57}},"25":{"start":{"line":67,"column":4},"end":{"line":68,"column":53}},"26":{"start":{"line":68,"column":6},"end":{"line":68,"column":53}},"27":{"start":{"line":70,"column":27},"end":{"line":72,"column":14}},"28":{"start":{"line":73,"column":4},"end":{"line":73,"column":70}},"29":{"start":{"line":73,"column":25},"end":{"line":73,"column":70}},"30":{"start":{"line":75,"column":4},"end":{"line":92,"column":7}},"31":{"start":{"line":76,"column":6},"end":{"line":78,"column":38}},"32":{"start":{"line":79,"column":6},"end":{"line":81,"column":38}},"33":{"start":{"line":83,"column":24},"end":{"line":89,"column":8}},"34":{"start":{"line":91,"column":6},"end":{"line":91,"column":60}},"35":{"start":{"line":96,"column":4},"end":{"line":96,"column":32}},"36":{"start":{"line":97,"column":19},"end":{"line":97,"column":56}},"37":{"start":{"line":99,"column":4},"end":{"line":99,"column":71}},"38":{"start":{"line":99,"column":33},"end":{"line":99,"column":71}},"39":{"start":{"line":101,"column":4},"end":{"line":118,"column":7}},"40":{"start":{"line":102,"column":6},"end":{"line":104,"column":38}},"41":{"start":{"line":106,"column":24},"end":{"line":112,"column":8}},"42":{"start":{"line":114,"column":28},"end":{"line":116,"column":16}},"43":{"start":{"line":117,"column":6},"end":{"line":117,"column":50}},"44":{"start":{"line":122,"column":4},"end":{"line":122,"column":43}},"45":{"start":{"line":126,"column":19},"end":{"line":126,"column":56}},"46":{"start":{"line":128,"column":4},"end":{"line":131,"column":37}},"47":{"start":{"line":135,"column":0},"end":{"line":135,"column":35}}},"fnMap":{"0":{"name":"(anonymous_1)","decl":{"start":{"line":6,"column":10},"end":{"line":6,"column":15}},"loc":{"start":{"line":6,"column":49},"end":{"line":10,"column":3}}},"1":{"name":"(anonymous_2)","decl":{"start":{"line":12,"column":10},"end":{"line":12,"column":24}},"loc":{"start":{"line":12,"column":39},"end":{"line":14,"column":3}}},"2":{"name":"(anonymous_3)","decl":{"start":{"line":16,"column":10},"end":{"line":16,"column":15}},"loc":{"start":{"line":24,"column":5},"end":{"line":29,"column":3}}},"3":{"name":"(anonymous_4)","decl":{"start":{"line":31,"column":2},"end":{"line":31,"column":7}},"loc":{"start":{"line":31,"column":49},"end":{"line":53,"column":3}}},"4":{"name":"(anonymous_5)","decl":{"start":{"line":35,"column":26},"end":{"line":35,"column":31}},"loc":{"start":{"line":35,"column":40},"end":{"line":52,"column":5}}},"5":{"name":"(anonymous_6)","decl":{"start":{"line":55,"column":2},"end":{"line":55,"column":7}},"loc":{"start":{"line":58,"column":18},"end":{"line":93,"column":3}}},"6":{"name":"(anonymous_7)","decl":{"start":{"line":75,"column":26},"end":{"line":75,"column":31}},"loc":{"start":{"line":75,"column":40},"end":{"line":92,"column":5}}},"7":{"name":"(anonymous_8)","decl":{"start":{"line":95,"column":2},"end":{"line":95,"column":7}},"loc":{"start":{"line":95,"column":52},"end":{"line":119,"column":3}}},"8":{"name":"(anonymous_9)","decl":{"start":{"line":101,"column":26},"end":{"line":101,"column":31}},"loc":{"start":{"line":101,"column":40},"end":{"line":118,"column":5}}},"9":{"name":"(anonymous_10)","decl":{"start":{"line":121,"column":2},"end":{"line":121,"column":7}},"loc":{"start":{"line":121,"column":39},"end":{"line":123,"column":3}}},"10":{"name":"(anonymous_11)","decl":{"start":{"line":125,"column":2},"end":{"line":125,"column":7}},"loc":{"start":{"line":125,"column":44},"end":{"line":132,"column":3}}}},"branchMap":{"0":{"loc":{"start":{"line":8,"column":4},"end":{"line":8,"column":53}},"type":"if","locations":[{"start":{"line":8,"column":4},"end":{"line":8,"column":53}},{"start":{},"end":{}}]},"1":{"loc":{"start":{"line":13,"column":4},"end":{"line":13,"column":73}},"type":"if","locations":[{"start":{"line":13,"column":4},"end":{"line":13,"column":73}},{"start":{},"end":{}}]},"2":{"loc":{"start":{"line":63,"column":4},"end":{"line":63,"column":77}},"type":"if","locations":[{"start":{"line":63,"column":4},"end":{"line":63,"column":77}},{"start":{},"end":{}}]},"3":{"loc":{"start":{"line":66,"column":4},"end":{"line":66,"column":57}},"type":"if","locations":[{"start":{"line":66,"column":4},"end":{"line":66,"column":57}},{"start":{},"end":{}}]},"4":{"loc":{"start":{"line":67,"column":4},"end":{"line":68,"column":53}},"type":"if","locations":[{"start":{"line":67,"column":4},"end":{"line":68,"column":53}},{"start":{},"end":{}}]},"5":{"loc":{"start":{"line":73,"column":4},"end":{"line":73,"column":70}},"type":"if","locations":[{"start":{"line":73,"column":4},"end":{"line":73,"column":70}},{"start":{},"end":{}}]},"6":{"loc":{"start":{"line":99,"column":4},"end":{"line":99,"column":71}},"type":"if","locations":[{"start":{"line":99,"column":4},"end":{"line":99,"column":71}},{"start":{},"end":{}}]}},"s":{"0":3,"1":3,"2":7,"3":7,"4":2,"5":5,"6":11,"7":4,"8":1,"9":1,"10":1,"11":4,"12":2,"13":1,"14":1,"15":1,"16":1,"17":1,"18":4,"19":3,"20":3,"21":1,"22":2,"23":2,"24":1,"25":1,"26":1,"27":0,"28":0,"29":0,"30":0,"31":0,"32":0,"33":0,"34":0,"35":3,"36":2,"37":1,"38":1,"39":0,"40":0,"41":0,"42":0,"43":0,"44":0,"45":0,"46":0,"47":3},"f":{"0":7,"1":11,"2":1,"3":4,"4":1,"5":4,"6":0,"7":3,"8":0,"9":0,"10":0},"b":{"0":[2,5],"1":[4,7],"2":[1,2],"3":[1,1],"4":[1,0],"5":[0,0],"6":[1,0]}}
,"/home/godblaise/Desktop/fullstack/wallet-service-lendsqr/src/utils/encryption.ts": {"path":"/home/godblaise/Desktop/fullstack/wallet-service-lendsqr/src/utils/encryption.ts","statementMap":{"0":{"start":{"line":1,"column":0},"end":{"line":1,"column":28}},"1":{"start":{"line":3,"column":23},"end":{"line":3,"column":59}},"2":{"start":{"line":4,"column":18},"end":{"line":4,"column":31}},"3":{"start":{"line":6,"column":23},"end":{"line":11,"column":1}},"4":{"start":{"line":7,"column":13},"end":{"line":7,"column":35}},"5":{"start":{"line":8,"column":17},"end":{"line":8,"column":89}},"6":{"start":{"line":9,"column":20},"end":{"line":9,"column":72}},"7":{"start":{"line":10,"column":2},"end":{"line":10,"column":62}},"8":{"start":{"line":6,"column":13},"end":{"line":6,"column":23}},"9":{"start":{"line":13,"column":23},"end":{"line":19,"column":1}},"10":{"start":{"line":14,"column":32},"end":{"line":14,"column":47}},"11":{"start":{"line":15,"column":13},"end":{"line":15,"column":38}},"12":{"start":{"line":16,"column":20},"end":{"line":16,"column":52}},"13":{"start":{"line":17,"column":19},"end":{"line":17,"column":93}},"14":{"start":{"line":18,"column":2},"end":{"line":18,"column":82}},"15":{"start":{"line":13,"column":13},"end":{"line":13,"column":23}}},"fnMap":{"0":{"name":"(anonymous_1)","decl":{"start":{"line":6,"column":23},"end":{"line":6,"column":24}},"loc":{"start":{"line":6,"column":48},"end":{"line":11,"column":1}}},"1":{"name":"(anonymous_2)","decl":{"start":{"line":13,"column":23},"end":{"line":13,"column":24}},"loc":{"start":{"line":13,"column":48},"end":{"line":19,"column":1}}}},"branchMap":{},"s":{"0":6,"1":6,"2":6,"3":6,"4":1,"5":1,"6":1,"7":1,"8":6,"9":6,"10":0,"11":0,"12":0,"13":0,"14":0,"15":6},"f":{"0":1,"1":0},"b":{}}
,"/home/godblaise/Desktop/fullstack/wallet-service-lendsqr/src/utils/index.ts": {"path":"/home/godblaise/Desktop/fullstack/wallet-service-lendsqr/src/utils/index.ts","statementMap":{"0":{"start":{"line":1,"column":0},"end":{"line":1,"column":27}},"1":{"start":{"line":2,"column":0},"end":{"line":2,"column":24}},"2":{"start":{"line":3,"column":0},"end":{"line":3,"column":28}},"3":{"start":{"line":4,"column":0},"end":{"line":4,"column":29}}},"fnMap":{},"branchMap":{},"s":{"0":6,"1":6,"2":6,"3":6},"f":{},"b":{}}
,"/home/godblaise/Desktop/fullstack/wallet-service-lendsqr/src/utils/reference.ts": {"path":"/home/godblaise/Desktop/fullstack/wallet-service-lendsqr/src/utils/reference.ts","statementMap":{"0":{"start":{"line":1,"column":0},"end":{"line":1,"column":36}},"1":{"start":{"line":3,"column":33},"end":{"line":5,"column":1}},"2":{"start":{"line":4,"column":2},"end":{"line":4,"column":27}},"3":{"start":{"line":3,"column":13},"end":{"line":3,"column":33}}},"fnMap":{"0":{"name":"(anonymous_0)","decl":{"start":{"line":3,"column":33},"end":{"line":3,"column":44}},"loc":{"start":{"line":3,"column":46},"end":{"line":5,"column":1}}}},"branchMap":{},"s":{"0":6,"1":6,"2":1,"3":6},"f":{"0":1},"b":{}}
,"/home/godblaise/Desktop/fullstack/wallet-service-lendsqr/src/utils/response.ts": {"path":"/home/godblaise/Desktop/fullstack/wallet-service-lendsqr/src/utils/response.ts","statementMap":{"0":{"start":{"line":4,"column":27},"end":{"line":7,"column":1}},"1":{"start":{"line":5,"column":37},"end":{"line":5,"column":68}},"2":{"start":{"line":6,"column":4},"end":{"line":6,"column":49}},"3":{"start":{"line":4,"column":13},"end":{"line":4,"column":27}},"4":{"start":{"line":9,"column":25},"end":{"line":12,"column":1}},"5":{"start":{"line":10,"column":40},"end":{"line":10,"column":66}},"6":{"start":{"line":11,"column":4},"end":{"line":11,"column":49}},"7":{"start":{"line":9,"column":13},"end":{"line":9,"column":25}}},"fnMap":{"0":{"name":"(anonymous_0)","decl":{"start":{"line":4,"column":27},"end":{"line":4,"column":31}},"loc":{"start":{"line":4,"column":93},"end":{"line":7,"column":1}}},"1":{"name":"(anonymous_1)","decl":{"start":{"line":9,"column":25},"end":{"line":9,"column":26}},"loc":{"start":{"line":9,"column":78},"end":{"line":12,"column":1}}}},"branchMap":{"0":{"loc":{"start":{"line":4,"column":73},"end":{"line":4,"column":89}},"type":"default-arg","locations":[{"start":{"line":4,"column":86},"end":{"line":4,"column":89}}]},"1":{"loc":{"start":{"line":9,"column":58},"end":{"line":9,"column":74}},"type":"default-arg","locations":[{"start":{"line":9,"column":71},"end":{"line":9,"column":74}}]}},"s":{"0":6,"1":7,"2":7,"3":6,"4":6,"5":12,"6":12,"7":6},"f":{"0":7,"1":12},"b":{"0":[6],"1":[0]}}
,"/home/godblaise/Desktop/fullstack/wallet-service-lendsqr/src/utils/token.ts": {"path":"/home/godblaise/Desktop/fullstack/wallet-service-lendsqr/src/utils/token.ts","statementMap":{"0":{"start":{"line":1,"column":0},"end":{"line":1,"column":31}},"1":{"start":{"line":4,"column":29},"end":{"line":8,"column":1}},"2":{"start":{"line":5,"column":2},"end":{"line":7,"column":5}},"3":{"start":{"line":4,"column":13},"end":{"line":4,"column":29}},"4":{"start":{"line":10,"column":27},"end":{"line":12,"column":1}},"5":{"start":{"line":11,"column":4},"end":{"line":11,"column":78}},"6":{"start":{"line":10,"column":13},"end":{"line":10,"column":27}}},"fnMap":{"0":{"name":"(anonymous_1)","decl":{"start":{"line":4,"column":29},"end":{"line":4,"column":30}},"loc":{"start":{"line":4,"column":62},"end":{"line":8,"column":1}}},"1":{"name":"(anonymous_2)","decl":{"start":{"line":10,"column":27},"end":{"line":10,"column":28}},"loc":{"start":{"line":10,"column":58},"end":{"line":12,"column":1}}}},"branchMap":{},"s":{"0":5,"1":5,"2":2,"3":5,"4":5,"5":0,"6":5},"f":{"0":2,"1":0},"b":{}}
}
