TN:
SF:src/app.ts
FN:17,(anonymous_1)
FN:29,(anonymous_2)
FNF:2
FNH:0
FNDA:0,(anonymous_1)
FNDA:0,(anonymous_2)
DA:1,2
DA:2,2
DA:4,2
DA:5,2
DA:6,2
DA:10,2
DA:13,2
DA:14,2
DA:17,2
DA:18,0
DA:26,2
DA:29,2
DA:30,0
DA:37,2
DA:39,2
LF:15
LH:13
BRF:0
BRH:0
end_of_record
TN:
SF:src/config/database.ts
FNF:0
FNH:0
DA:1,6
DA:2,6
DA:4,6
DA:5,6
DA:7,6
LF:5
LH:5
BRDA:4,0,0,6
BRDA:4,0,1,0
BRF:2
BRH:1
end_of_record
TN:
SF:src/controllers/user.controller.ts
FN:5,(anonymous_1)
FN:6,(anonymous_2)
FN:18,(anonymous_3)
FNF:3
FNH:3
FNDA:2,(anonymous_1)
FNDA:4,(anonymous_2)
FNDA:3,(anonymous_3)
DA:2,2
DA:3,2
DA:6,2
DA:7,4
DA:9,4
DA:10,1
DA:11,1
DA:14,3
DA:15,1
DA:18,2
DA:19,3
DA:21,3
DA:22,1
DA:23,1
DA:26,2
DA:27,1
DA:31,2
LF:17
LH:17
BRDA:9,0,0,1
BRDA:9,0,1,3
BRDA:9,1,0,4
BRDA:9,1,1,3
BRDA:9,1,2,3
BRDA:9,1,3,3
BRDA:9,1,4,3
BRDA:9,1,5,3
BRDA:21,2,0,1
BRDA:21,2,1,2
BRDA:21,3,0,3
BRDA:21,3,1,3
BRF:12
BRH:12
end_of_record
TN:
SF:src/controllers/wallet.controller.ts
FN:5,(anonymous_1)
FN:6,(anonymous_2)
FN:19,(anonymous_3)
FN:32,(anonymous_4)
FN:45,(anonymous_5)
FN:51,(anonymous_6)
FNF:6
FNH:6
FNDA:2,(anonymous_1)
FNDA:2,(anonymous_2)
FNDA:3,(anonymous_3)
FNDA:3,(anonymous_4)
FNDA:1,(anonymous_5)
FNDA:1,(anonymous_6)
DA:2,2
DA:3,2
DA:6,2
DA:7,2
DA:8,2
DA:10,2
DA:11,1
DA:12,1
DA:15,1
DA:16,1
DA:19,2
DA:20,3
DA:21,3
DA:23,3
DA:24,1
DA:25,1
DA:28,2
DA:29,1
DA:32,2
DA:33,3
DA:34,3
DA:36,3
DA:37,1
DA:38,1
DA:41,2
DA:42,1
DA:45,2
DA:46,1
DA:47,1
DA:48,1
DA:51,2
DA:52,1
DA:53,1
DA:54,1
DA:58,2
LF:35
LH:35
BRDA:10,0,0,1
BRDA:10,0,1,1
BRDA:23,1,0,1
BRDA:23,1,1,2
BRDA:23,2,0,3
BRDA:23,2,1,2
BRDA:36,3,0,1
BRDA:36,3,1,2
BRF:8
BRH:8
end_of_record
TN:
SF:src/middlewares/auth.ts
FN:5,(anonymous_0)
FNF:1
FNH:1
FNDA:12,(anonymous_0)
DA:2,2
DA:5,2
DA:6,12
DA:7,12
DA:9,12
DA:10,2
DA:11,2
DA:14,10
DA:15,10
DA:16,10
DA:17,10
DA:19,0
LF:12
LH:11
BRDA:9,0,0,2
BRDA:9,0,1,10
BRDA:9,1,0,12
BRDA:9,1,1,10
BRF:4
BRH:4
end_of_record
TN:
SF:src/middlewares/errorHandler.ts
FN:4,(anonymous_0)
FNF:1
FNH:0
FNDA:0,(anonymous_0)
DA:2,2
DA:4,2
DA:5,0
DA:6,0
LF:4
LH:2
BRDA:6,0,0,0
BRDA:6,0,1,0
BRF:2
BRH:0
end_of_record
TN:
SF:src/middlewares/index.ts
FNF:0
FNH:0
DA:1,2
DA:2,2
LF:2
LH:2
BRF:0
BRH:0
end_of_record
TN:
SF:src/routes/index.ts
FNF:0
FNH:0
DA:1,2
DA:2,2
DA:3,2
DA:5,2
DA:7,2
DA:8,2
DA:10,2
LF:7
LH:7
BRF:0
BRH:0
end_of_record
TN:
SF:src/routes/user.routes.ts
FNF:0
FNH:0
DA:1,2
DA:2,2
DA:4,2
DA:6,2
DA:7,2
DA:9,2
LF:6
LH:6
BRF:0
BRH:0
end_of_record
TN:
SF:src/routes/wallet.routes.ts
FNF:0
FNH:0
DA:1,2
DA:2,2
DA:3,2
DA:5,2
DA:7,2
DA:9,2
DA:10,2
DA:11,2
DA:12,2
DA:13,2
DA:15,2
LF:11
LH:11
BRF:0
BRH:0
end_of_record
TN:
SF:src/services/adjutor.service.ts
FN:3,(anonymous_1)
FN:7,(anonymous_2)
FN:13,(anonymous_3)
FNF:3
FNH:3
FNDA:4,(anonymous_1)
FNDA:4,(anonymous_2)
FNDA:4,(anonymous_3)
DA:1,4
DA:4,4
DA:5,4
DA:8,4
DA:15,4
DA:16,4
DA:20,2
DA:21,1
DA:23,2
DA:24,1
DA:31,4
LF:11
LH:11
BRDA:20,0,0,1
BRDA:20,0,1,1
BRDA:21,1,0,1
BRDA:21,1,1,1
BRDA:23,2,0,1
BRDA:23,2,1,1
BRF:6
BRH:6
end_of_record
TN:
SF:src/services/user.service.ts
FN:8,(anonymous_1)
FN:14,(anonymous_2)
FN:19,(anonymous_3)
FN:36,(anonymous_4)
FN:65,(anonymous_5)
FNF:5
FNH:5
FNDA:8,(anonymous_1)
FNDA:2,(anonymous_2)
FNDA:3,(anonymous_3)
FNDA:1,(anonymous_4)
FNDA:5,(anonymous_5)
DA:1,3
DA:2,3
DA:3,3
DA:4,3
DA:11,8
DA:15,2
DA:16,2
DA:27,3
DA:28,3
DA:30,2
DA:31,2
DA:33,1
DA:34,1
DA:36,1
DA:37,1
DA:48,1
DA:54,1
DA:56,1
DA:58,1
DA:59,1
DA:62,1
DA:69,5
DA:70,5
DA:72,4
DA:73,1
DA:74,3
DA:76,2
DA:77,2
DA:79,1
DA:80,1
DA:84,3
LF:31
LH:31
BRDA:28,0,0,1
BRDA:28,0,1,2
BRDA:31,1,0,1
BRDA:31,1,1,1
BRDA:56,2,0,0
BRDA:56,2,1,1
BRDA:70,3,0,1
BRDA:70,3,1,4
BRDA:72,4,0,1
BRDA:72,4,1,3
BRDA:74,5,0,1
BRDA:74,5,1,2
BRDA:77,6,0,1
BRDA:77,6,1,1
BRF:14
BRH:13
end_of_record
TN:
SF:src/services/wallet.service.ts
FN:7,(anonymous_1)
FN:13,(anonymous_2)
FN:17,(anonymous_3)
FN:32,(anonymous_4)
FN:36,(anonymous_5)
FN:56,(anonymous_6)
FN:75,(anonymous_7)
FN:103,(anonymous_8)
FN:106,(anonymous_9)
FN:134,(anonymous_10)
FN:138,(anonymous_11)
FNF:11
FNH:11
FNDA:6,(anonymous_1)
FNDA:13,(anonymous_2)
FNDA:3,(anonymous_3)
FNDA:4,(anonymous_4)
FNDA:1,(anonymous_5)
FNDA:5,(anonymous_6)
FNDA:2,(anonymous_7)
FNDA:4,(anonymous_8)
FNDA:3,(anonymous_9)
FNDA:2,(anonymous_10)
FNDA:2,(anonymous_11)
DA:3,3
DA:4,3
DA:8,6
DA:9,6
DA:10,3
DA:14,13
DA:27,3
DA:28,3
DA:29,3
DA:33,4
DA:34,2
DA:36,1
DA:37,1
DA:41,1
DA:49,1
DA:52,1
DA:61,5
DA:63,4
DA:66,4
DA:67,3
DA:68,1
DA:70,2
DA:73,2
DA:75,2
DA:76,2
DA:81,2
DA:82,2
DA:84,1
DA:87,1
DA:91,1
DA:99,1
DA:104,4
DA:106,3
DA:107,3
DA:112,3
DA:113,2
DA:115,1
DA:119,1
DA:127,1
DA:130,1
DA:135,2
DA:139,2
DA:141,1
DA:148,3
LF:44
LH:44
BRDA:9,0,0,3
BRDA:9,0,1,3
BRDA:14,1,0,4
BRDA:14,1,1,9
BRDA:66,2,0,1
BRDA:66,2,1,3
BRDA:67,3,0,1
BRDA:67,3,1,2
BRDA:73,4,0,0
BRDA:73,4,1,2
BRDA:81,5,0,0
BRDA:81,5,1,2
BRDA:82,6,0,1
BRDA:82,6,1,1
BRDA:112,7,0,1
BRDA:112,7,1,2
BRDA:113,8,0,1
BRDA:113,8,1,1
BRF:18
BRH:16
end_of_record
TN:
SF:src/utils/asyncHandler.ts
FN:6,(anonymous_0)
FN:7,(anonymous_1)
FNF:2
FNH:2
FNDA:14,(anonymous_0)
FNDA:17,(anonymous_1)
DA:2,6
DA:6,6
DA:7,14
DA:8,17
DA:9,17
DA:11,5
LF:6
LH:6
BRF:0
BRH:0
end_of_record
TN:
SF:src/utils/encryption.ts
FN:6,(anonymous_1)
FNF:1
FNH:1
FNDA:1,(anonymous_1)
DA:1,6
DA:3,6
DA:4,6
DA:6,6
DA:7,1
DA:8,1
DA:9,1
DA:10,1
LF:8
LH:8
BRF:0
BRH:0
end_of_record
TN:
SF:src/utils/index.ts
FNF:0
FNH:0
DA:1,6
DA:2,6
DA:3,6
DA:4,6
DA:5,6
LF:5
LH:5
BRF:0
BRH:0
end_of_record
TN:
SF:src/utils/reference.ts
FN:3,(anonymous_0)
FNF:1
FNH:1
FNDA:3,(anonymous_0)
DA:1,6
DA:3,6
DA:4,3
LF:3
LH:3
BRF:0
BRH:0
end_of_record
TN:
SF:src/utils/response.ts
FN:4,(anonymous_0)
FN:9,(anonymous_1)
FNF:2
FNH:2
FNDA:7,(anonymous_0)
FNDA:12,(anonymous_1)
DA:4,6
DA:5,7
DA:6,7
DA:9,6
DA:10,12
DA:11,12
LF:6
LH:6
BRDA:4,0,0,6
BRDA:9,1,0,0
BRF:2
BRH:1
end_of_record
TN:
SF:src/utils/token.ts
FN:4,(anonymous_1)
FN:10,(anonymous_2)
FNF:2
FNH:1
FNDA:2,(anonymous_1)
FNDA:0,(anonymous_2)
DA:1,5
DA:4,5
DA:5,2
DA:10,5
DA:11,0
DA:13,0
DA:14,0
DA:17,0
LF:8
LH:4
BRDA:6,0,0,2
BRDA:6,0,1,0
BRDA:13,1,0,0
BRDA:13,1,1,0
BRDA:13,2,0,0
BRDA:13,2,1,0
BRDA:13,2,2,0
BRF:7
BRH:1
end_of_record
