TN:
SF:src/app.ts
FN:17,(anonymous_1)
FN:29,(anonymous_2)
FNF:2
FNH:0
FNDA:0,(anonymous_1)
FNDA:0,(anonymous_2)
DA:1,2
DA:2,2
DA:4,2
DA:5,2
DA:6,2
DA:10,2
DA:13,2
DA:14,2
DA:17,2
DA:18,0
DA:26,2
DA:29,2
DA:30,0
DA:37,2
DA:39,2
LF:15
LH:13
BRF:0
BRH:0
end_of_record
TN:
SF:src/config/database.ts
FNF:0
FNH:0
DA:1,6
DA:2,6
DA:4,6
DA:5,6
DA:7,6
LF:5
LH:5
BRDA:4,0,0,6
BRDA:4,0,1,0
BRF:2
BRH:1
end_of_record
TN:
SF:src/controllers/user.controller.ts
FN:6,(anonymous_1)
FN:22,(anonymous_2)
FNF:2
FNH:2
FNDA:4,(anonymous_1)
FNDA:3,(anonymous_2)
DA:2,2
DA:3,2
DA:7,4
DA:8,4
DA:10,4
DA:11,1
DA:12,1
DA:15,3
DA:16,1
DA:18,2
DA:23,3
DA:24,3
DA:26,3
DA:27,1
DA:28,1
DA:31,2
DA:32,1
DA:34,1
DA:39,2
LF:19
LH:19
BRDA:10,0,0,1
BRDA:10,0,1,3
BRDA:10,1,0,4
BRDA:10,1,1,3
BRDA:10,1,2,3
BRDA:10,1,3,3
BRDA:10,1,4,3
BRDA:10,1,5,3
BRDA:26,2,0,1
BRDA:26,2,1,2
BRDA:26,3,0,3
BRDA:26,3,1,3
BRF:12
BRH:12
end_of_record
TN:
SF:src/controllers/wallet.controller.ts
FN:6,(anonymous_1)
FN:23,(anonymous_2)
FN:40,(anonymous_3)
FN:57,(anonymous_4)
FN:67,(anonymous_5)
FNF:5
FNH:5
FNDA:2,(anonymous_1)
FNDA:3,(anonymous_2)
FNDA:3,(anonymous_3)
FNDA:1,(anonymous_4)
FNDA:1,(anonymous_5)
DA:2,2
DA:3,2
DA:7,2
DA:8,2
DA:9,2
DA:11,2
DA:12,1
DA:13,1
DA:16,1
DA:17,1
DA:19,0
DA:24,3
DA:25,3
DA:26,3
DA:28,3
DA:29,1
DA:30,1
DA:33,2
DA:34,1
DA:36,1
DA:41,3
DA:42,3
DA:43,3
DA:45,3
DA:46,1
DA:47,1
DA:50,2
DA:51,1
DA:53,1
DA:58,1
DA:59,1
DA:60,1
DA:61,1
DA:63,0
DA:68,1
DA:69,1
DA:70,1
DA:71,1
DA:73,0
DA:78,2
LF:40
LH:37
BRDA:11,0,0,1
BRDA:11,0,1,1
BRDA:28,1,0,1
BRDA:28,1,1,2
BRDA:28,2,0,3
BRDA:28,2,1,2
BRDA:45,3,0,1
BRDA:45,3,1,2
BRF:8
BRH:8
end_of_record
TN:
SF:src/middlewares/auth.ts
FN:5,(anonymous_0)
FNF:1
FNH:1
FNDA:12,(anonymous_0)
DA:2,2
DA:3,2
DA:5,2
DA:6,12
DA:7,12
DA:9,12
DA:10,2
DA:11,2
DA:14,10
DA:15,10
DA:16,10
DA:17,10
DA:19,0
LF:13
LH:12
BRDA:9,0,0,2
BRDA:9,0,1,10
BRDA:9,1,0,12
BRDA:9,1,1,10
BRF:4
BRH:4
end_of_record
TN:
SF:src/middlewares/errorHandler.ts
FN:4,(anonymous_0)
FNF:1
FNH:0
FNDA:0,(anonymous_0)
DA:2,2
DA:4,2
DA:5,0
DA:6,0
LF:4
LH:2
BRDA:6,0,0,0
BRDA:6,0,1,0
BRF:2
BRH:0
end_of_record
TN:
SF:src/middlewares/index.ts
FNF:0
FNH:0
DA:1,2
DA:2,2
LF:2
LH:2
BRF:0
BRH:0
end_of_record
TN:
SF:src/routes/index.ts
FNF:0
FNH:0
DA:1,2
DA:2,2
DA:3,2
DA:5,2
DA:7,2
DA:8,2
DA:10,2
LF:7
LH:7
BRF:0
BRH:0
end_of_record
TN:
SF:src/routes/user.routes.ts
FNF:0
FNH:0
DA:1,2
DA:2,2
DA:4,2
DA:6,2
DA:7,2
DA:9,2
LF:6
LH:6
BRF:0
BRH:0
end_of_record
TN:
SF:src/routes/wallet.routes.ts
FNF:0
FNH:0
DA:1,2
DA:2,2
DA:3,2
DA:5,2
DA:7,2
DA:9,2
DA:10,2
DA:11,2
DA:12,2
DA:13,2
DA:15,2
LF:11
LH:11
BRF:0
BRH:0
end_of_record
TN:
SF:src/services/adjutor.service.ts
FN:3,(anonymous_1)
FN:7,(anonymous_2)
FN:13,(anonymous_3)
FNF:3
FNH:3
FNDA:4,(anonymous_1)
FNDA:4,(anonymous_2)
FNDA:4,(anonymous_3)
DA:1,4
DA:4,4
DA:5,4
DA:8,4
DA:15,4
DA:16,4
DA:20,2
DA:21,1
DA:22,1
DA:24,2
DA:25,1
DA:32,4
LF:12
LH:12
BRDA:20,0,0,1
BRDA:20,0,1,1
BRDA:22,1,0,1
BRDA:22,1,1,1
BRDA:24,2,0,1
BRDA:24,2,1,1
BRF:6
BRH:6
end_of_record
TN:
SF:src/services/user.service.ts
FN:8,(anonymous_1)
FN:14,(anonymous_2)
FN:19,(anonymous_3)
FN:36,(anonymous_4)
FN:68,(anonymous_5)
FNF:5
FNH:5
FNDA:7,(anonymous_1)
FNDA:1,(anonymous_2)
FNDA:3,(anonymous_3)
FNDA:1,(anonymous_4)
FNDA:4,(anonymous_5)
DA:1,3
DA:2,3
DA:3,3
DA:4,3
DA:11,7
DA:15,1
DA:16,1
DA:27,3
DA:28,3
DA:30,2
DA:31,2
DA:33,1
DA:34,1
DA:36,1
DA:37,1
DA:48,1
DA:54,1
DA:59,1
DA:61,1
DA:62,1
DA:65,1
DA:72,4
DA:73,4
DA:75,3
DA:76,1
DA:77,2
DA:79,2
DA:80,2
DA:82,1
DA:83,1
DA:87,3
LF:31
LH:31
BRDA:28,0,0,1
BRDA:28,0,1,2
BRDA:31,1,0,1
BRDA:31,1,1,1
BRDA:59,2,0,0
BRDA:59,2,1,1
BRDA:73,3,0,1
BRDA:73,3,1,3
BRDA:75,4,0,1
BRDA:75,4,1,2
BRDA:77,5,0,0
BRDA:77,5,1,2
BRDA:80,6,0,1
BRDA:80,6,1,1
BRF:14
BRH:12
end_of_record
TN:
SF:src/services/wallet.service.ts
FN:6,(anonymous_1)
FN:12,(anonymous_2)
FN:16,(anonymous_3)
FN:31,(anonymous_4)
FN:35,(anonymous_5)
FN:55,(anonymous_6)
FN:75,(anonymous_7)
FN:95,(anonymous_8)
FN:101,(anonymous_9)
FN:121,(anonymous_10)
FN:125,(anonymous_11)
FNF:11
FNH:7
FNDA:7,(anonymous_1)
FNDA:11,(anonymous_2)
FNDA:1,(anonymous_3)
FNDA:4,(anonymous_4)
FNDA:1,(anonymous_5)
FNDA:4,(anonymous_6)
FNDA:0,(anonymous_7)
FNDA:3,(anonymous_8)
FNDA:0,(anonymous_9)
FNDA:0,(anonymous_10)
FNDA:0,(anonymous_11)
DA:2,3
DA:3,3
DA:7,7
DA:8,7
DA:9,5
DA:13,11
DA:26,1
DA:27,1
DA:28,1
DA:32,4
DA:33,2
DA:35,1
DA:36,1
DA:40,1
DA:48,1
DA:51,1
DA:60,4
DA:61,3
DA:63,3
DA:65,2
DA:66,2
DA:67,1
DA:68,1
DA:70,0
DA:73,0
DA:75,0
DA:76,0
DA:79,0
DA:83,0
DA:91,0
DA:96,3
DA:97,2
DA:99,1
DA:101,0
DA:102,0
DA:106,0
DA:114,0
DA:117,0
DA:122,0
DA:126,0
DA:128,0
DA:135,3
LF:42
LH:27
BRDA:8,0,0,2
BRDA:8,0,1,5
BRDA:13,1,0,4
BRDA:13,1,1,7
BRDA:63,2,0,1
BRDA:63,2,1,2
BRDA:66,3,0,1
BRDA:66,3,1,1
BRDA:67,4,0,1
BRDA:67,4,1,0
BRDA:73,5,0,0
BRDA:73,5,1,0
BRDA:99,6,0,1
BRDA:99,6,1,0
BRF:14
BRH:10
end_of_record
TN:
SF:src/utils/encryption.ts
FN:6,(anonymous_1)
FN:13,(anonymous_2)
FNF:2
FNH:1
FNDA:1,(anonymous_1)
FNDA:0,(anonymous_2)
DA:1,6
DA:3,6
DA:4,6
DA:6,6
DA:7,1
DA:8,1
DA:9,1
DA:10,1
DA:13,6
DA:14,0
DA:15,0
DA:16,0
DA:17,0
DA:18,0
LF:14
LH:9
BRF:0
BRH:0
end_of_record
TN:
SF:src/utils/index.ts
FNF:0
FNH:0
DA:1,6
DA:2,6
DA:3,6
DA:4,6
LF:4
LH:4
BRF:0
BRH:0
end_of_record
TN:
SF:src/utils/reference.ts
FN:3,(anonymous_0)
FNF:1
FNH:1
FNDA:1,(anonymous_0)
DA:1,6
DA:3,6
DA:4,1
LF:3
LH:3
BRF:0
BRH:0
end_of_record
TN:
SF:src/utils/response.ts
FN:4,(anonymous_0)
FN:9,(anonymous_1)
FNF:2
FNH:2
FNDA:7,(anonymous_0)
FNDA:12,(anonymous_1)
DA:4,6
DA:5,7
DA:6,7
DA:9,6
DA:10,12
DA:11,12
LF:6
LH:6
BRDA:4,0,0,6
BRDA:9,1,0,0
BRF:2
BRH:1
end_of_record
TN:
SF:src/utils/token.ts
FN:4,(anonymous_1)
FN:10,(anonymous_2)
FNF:2
FNH:1
FNDA:2,(anonymous_1)
FNDA:0,(anonymous_2)
DA:1,5
DA:4,5
DA:5,2
DA:10,5
DA:11,0
LF:5
LH:4
BRF:0
BRH:0
end_of_record
